mode: set
github.com/kalenarndt/terraform-provider-graphql/internal/testutils/http_mock.go:13.99,17.41 2 0
github.com/kalenarndt/terraform-provider-graphql/internal/testutils/http_mock.go:17.41,19.52 1 0
github.com/kalenarndt/terraform-provider-graphql/internal/testutils/http_mock.go:19.52,22.74 2 0
github.com/kalenarndt/terraform-provider-graphql/internal/testutils/http_mock.go:22.74,24.6 1 0
github.com/kalenarndt/terraform-provider-graphql/internal/testutils/http_mock.go:27.5,27.79 1 0
github.com/kalenarndt/terraform-provider-graphql/internal/testutils/http_mock.go:27.79,30.6 2 0
github.com/kalenarndt/terraform-provider-graphql/internal/testutils/http_mock.go:33.5,33.63 1 0
github.com/kalenarndt/terraform-provider-graphql/internal/testutils/http_mock.go:38.2,38.20 1 0
github.com/kalenarndt/terraform-provider-graphql/internal/testutils/http_mock.go:38.20,40.3 1 0
github.com/kalenarndt/terraform-provider-graphql/internal/testutils/http_mock.go:42.2,42.21 1 0
github.com/kalenarndt/terraform-provider-graphql/internal/testutils/http_mock.go:46.85,56.51 3 0
github.com/kalenarndt/terraform-provider-graphql/internal/testutils/http_mock.go:56.51,59.4 2 0
github.com/kalenarndt/terraform-provider-graphql/internal/testutils/http_mock.go:62.2,62.20 1 0
github.com/kalenarndt/terraform-provider-graphql/internal/testutils/http_mock.go:62.20,64.3 1 0
github.com/kalenarndt/terraform-provider-graphql/internal/testutils/http_mock.go:66.2,66.21 1 0
github.com/kalenarndt/terraform-provider-graphql/internal/testutils/http_mock.go:70.102,74.51 2 0
github.com/kalenarndt/terraform-provider-graphql/internal/testutils/http_mock.go:74.51,77.4 2 0
github.com/kalenarndt/terraform-provider-graphql/internal/testutils/http_mock.go:80.2,80.20 1 0
github.com/kalenarndt/terraform-provider-graphql/internal/testutils/http_mock.go:80.20,82.3 1 0
github.com/kalenarndt/terraform-provider-graphql/internal/testutils/http_mock.go:84.2,84.21 1 0
github.com/kalenarndt/terraform-provider-graphql/internal/testutils/http_mock.go:88.84,92.2 1 0
github.com/kalenarndt/terraform-provider-graphql/internal/testutils/http_mock.go:95.68,101.2 1 0
github.com/kalenarndt/terraform-provider-graphql/internal/testutils/provider_factories.go:21.126,25.2 1 0
github.com/kalenarndt/terraform-provider-graphql/internal/testutils/provider_factories.go:29.145,33.2 1 0
github.com/kalenarndt/terraform-provider-graphql/main.go:15.13,27.16 6 0
github.com/kalenarndt/terraform-provider-graphql/main.go:27.16,29.3 1 0
github.com/kalenarndt/terraform-provider-graphql/internal/config/provider_config.go:32.42,40.2 1 0
github.com/kalenarndt/terraform-provider-graphql/internal/config/provider_config.go:43.73,46.17 2 0
github.com/kalenarndt/terraform-provider-graphql/internal/config/provider_config.go:46.17,52.3 2 0
github.com/kalenarndt/terraform-provider-graphql/internal/config/provider_config.go:55.2,55.72 1 0
github.com/kalenarndt/terraform-provider-graphql/internal/config/provider_config.go:55.72,60.3 1 0
github.com/kalenarndt/terraform-provider-graphql/internal/config/provider_config.go:63.2,63.31 1 0
github.com/kalenarndt/terraform-provider-graphql/internal/config/provider_config.go:63.31,68.3 1 0
github.com/kalenarndt/terraform-provider-graphql/internal/config/provider_config.go:70.2,70.34 1 0
github.com/kalenarndt/terraform-provider-graphql/internal/config/provider_config.go:70.34,75.3 1 0
github.com/kalenarndt/terraform-provider-graphql/internal/config/provider_config.go:77.2,77.14 1 0
github.com/kalenarndt/terraform-provider-graphql/internal/config/provider_config.go:81.51,82.31 1 0
github.com/kalenarndt/terraform-provider-graphql/internal/config/provider_config.go:82.31,87.3 2 0
github.com/kalenarndt/terraform-provider-graphql/internal/config/provider_config.go:89.2,89.34 1 0
github.com/kalenarndt/terraform-provider-graphql/internal/config/provider_config.go:89.34,94.3 2 0
github.com/kalenarndt/terraform-provider-graphql/internal/config/provider_config.go:98.69,106.30 4 0
github.com/kalenarndt/terraform-provider-graphql/internal/config/provider_config.go:106.30,108.3 1 0
github.com/kalenarndt/terraform-provider-graphql/internal/config/provider_config.go:110.2,110.16 1 0
github.com/kalenarndt/terraform-provider-graphql/internal/config/provider_config.go:114.75,118.44 2 0
github.com/kalenarndt/terraform-provider-graphql/internal/config/provider_config.go:118.45,121.3 0 0
github.com/kalenarndt/terraform-provider-graphql/internal/config/provider_config.go:123.2,123.16 1 0
github.com/kalenarndt/terraform-provider-graphql/internal/config/provider_config.go:127.63,128.23 1 0
github.com/kalenarndt/terraform-provider-graphql/internal/config/provider_config.go:128.23,130.3 1 0
github.com/kalenarndt/terraform-provider-graphql/internal/config/provider_config.go:132.2,132.40 1 0
github.com/kalenarndt/terraform-provider-graphql/internal/config/provider_config.go:136.112,139.47 2 0
github.com/kalenarndt/terraform-provider-graphql/internal/config/provider_config.go:139.47,141.3 1 0
github.com/kalenarndt/terraform-provider-graphql/internal/config/provider_config.go:143.2,146.22 3 0
github.com/kalenarndt/terraform-provider-graphql/internal/validator/graphql_validator.go:12.58,15.36 2 0
github.com/kalenarndt/terraform-provider-graphql/internal/validator/graphql_validator.go:15.36,22.3 2 0
github.com/kalenarndt/terraform-provider-graphql/internal/validator/graphql_validator.go:25.2,26.57 1 0
github.com/kalenarndt/terraform-provider-graphql/internal/validator/graphql_validator.go:26.57,32.3 1 0
github.com/kalenarndt/terraform-provider-graphql/internal/validator/graphql_validator.go:35.2,35.31 1 0
github.com/kalenarndt/terraform-provider-graphql/internal/validator/graphql_validator.go:35.31,41.3 1 0
github.com/kalenarndt/terraform-provider-graphql/internal/validator/graphql_validator.go:43.2,43.14 1 0
github.com/kalenarndt/terraform-provider-graphql/internal/validator/graphql_validator.go:47.54,50.34 2 0
github.com/kalenarndt/terraform-provider-graphql/internal/validator/graphql_validator.go:50.34,57.3 2 0
github.com/kalenarndt/terraform-provider-graphql/internal/validator/graphql_validator.go:59.2,59.79 1 0
github.com/kalenarndt/terraform-provider-graphql/internal/validator/graphql_validator.go:59.79,65.3 1 0
github.com/kalenarndt/terraform-provider-graphql/internal/validator/graphql_validator.go:67.2,67.14 1 0
github.com/kalenarndt/terraform-provider-graphql/internal/validator/graphql_validator.go:71.103,75.23 2 0
github.com/kalenarndt/terraform-provider-graphql/internal/validator/graphql_validator.go:75.23,76.33 1 0
github.com/kalenarndt/terraform-provider-graphql/internal/validator/graphql_validator.go:76.33,82.4 1 0
github.com/kalenarndt/terraform-provider-graphql/internal/validator/graphql_validator.go:85.2,85.14 1 0
github.com/kalenarndt/terraform-provider-graphql/internal/validator/graphql_validator.go:89.78,92.17 2 0
github.com/kalenarndt/terraform-provider-graphql/internal/validator/graphql_validator.go:92.17,94.3 1 0
github.com/kalenarndt/terraform-provider-graphql/internal/validator/graphql_validator.go:97.2,98.16 2 0
github.com/kalenarndt/terraform-provider-graphql/internal/validator/graphql_validator.go:98.16,104.3 1 0
github.com/kalenarndt/terraform-provider-graphql/internal/validator/graphql_validator.go:106.2,106.14 1 0
github.com/kalenarndt/terraform-provider-graphql/internal/validator/graphql_validator.go:110.39,113.25 2 0
github.com/kalenarndt/terraform-provider-graphql/internal/validator/graphql_validator.go:113.25,114.15 1 0
github.com/kalenarndt/terraform-provider-graphql/internal/validator/graphql_validator.go:115.12,116.11 1 0
github.com/kalenarndt/terraform-provider-graphql/internal/validator/graphql_validator.go:117.12,119.17 2 0
github.com/kalenarndt/terraform-provider-graphql/internal/validator/graphql_validator.go:119.17,121.5 1 0
github.com/kalenarndt/terraform-provider-graphql/internal/validator/graphql_validator.go:125.2,125.19 1 0
github.com/kalenarndt/terraform-provider-graphql/internal/validator/graphql_validator.go:129.58,134.39 2 0
github.com/kalenarndt/terraform-provider-graphql/internal/validator/graphql_validator.go:134.39,135.42 1 0
github.com/kalenarndt/terraform-provider-graphql/internal/validator/graphql_validator.go:135.42,137.4 1 0
github.com/kalenarndt/terraform-provider-graphql/internal/validator/graphql_validator.go:140.2,140.51 1 0
github.com/kalenarndt/terraform-provider-graphql/internal/errors/error_helpers.go:45.54,50.2 1 1
github.com/kalenarndt/terraform-provider-graphql/internal/errors/error_helpers.go:53.69,58.2 1 1
github.com/kalenarndt/terraform-provider-graphql/internal/errors/error_helpers.go:61.65,63.2 1 1
github.com/kalenarndt/terraform-provider-graphql/internal/errors/error_helpers.go:66.59,68.22 2 1
github.com/kalenarndt/terraform-provider-graphql/internal/errors/error_helpers.go:68.22,70.3 1 1
github.com/kalenarndt/terraform-provider-graphql/internal/errors/error_helpers.go:71.2,71.61 1 1
github.com/kalenarndt/terraform-provider-graphql/internal/errors/error_helpers.go:75.61,77.2 1 1
github.com/kalenarndt/terraform-provider-graphql/internal/errors/error_helpers.go:80.84,82.23 1 1
github.com/kalenarndt/terraform-provider-graphql/internal/errors/error_helpers.go:82.23,84.3 1 1
github.com/kalenarndt/terraform-provider-graphql/internal/errors/error_helpers.go:85.2,85.44 1 1
github.com/kalenarndt/terraform-provider-graphql/internal/errors/error_helpers.go:85.44,87.3 1 1
github.com/kalenarndt/terraform-provider-graphql/internal/errors/error_helpers.go:88.2,88.43 1 1
github.com/kalenarndt/terraform-provider-graphql/internal/errors/error_helpers.go:88.43,90.3 1 1
github.com/kalenarndt/terraform-provider-graphql/internal/errors/error_helpers.go:91.2,91.23 1 1
github.com/kalenarndt/terraform-provider-graphql/internal/errors/error_helpers.go:91.23,93.3 1 1
github.com/kalenarndt/terraform-provider-graphql/internal/errors/error_helpers.go:96.2,96.28 1 1
github.com/kalenarndt/terraform-provider-graphql/internal/errors/error_helpers.go:96.28,97.40 1 1
github.com/kalenarndt/terraform-provider-graphql/internal/errors/error_helpers.go:97.40,99.97 2 1
github.com/kalenarndt/terraform-provider-graphql/internal/errors/error_helpers.go:99.97,101.5 1 1
github.com/kalenarndt/terraform-provider-graphql/internal/errors/error_helpers.go:102.4,102.91 1 1
github.com/kalenarndt/terraform-provider-graphql/internal/errors/error_helpers.go:102.91,104.5 1 1
github.com/kalenarndt/terraform-provider-graphql/internal/errors/error_helpers.go:105.4,105.87 1 1
github.com/kalenarndt/terraform-provider-graphql/internal/errors/error_helpers.go:105.87,107.5 1 1
github.com/kalenarndt/terraform-provider-graphql/internal/errors/error_helpers.go:109.3,109.26 1 1
github.com/kalenarndt/terraform-provider-graphql/internal/errors/error_helpers.go:113.2,113.16 1 1
github.com/kalenarndt/terraform-provider-graphql/internal/errors/error_helpers.go:113.16,117.49 2 1
github.com/kalenarndt/terraform-provider-graphql/internal/errors/error_helpers.go:117.49,119.4 1 0
github.com/kalenarndt/terraform-provider-graphql/internal/errors/error_helpers.go:122.2,122.26 1 1
github.com/kalenarndt/terraform-provider-graphql/internal/errors/error_helpers.go:126.70,127.27 1 1
github.com/kalenarndt/terraform-provider-graphql/internal/errors/error_helpers.go:127.27,129.3 1 1
github.com/kalenarndt/terraform-provider-graphql/internal/errors/error_helpers.go:131.2,131.19 1 1
github.com/kalenarndt/terraform-provider-graphql/internal/errors/error_helpers.go:132.26,133.14 1 1
github.com/kalenarndt/terraform-provider-graphql/internal/errors/error_helpers.go:134.24,135.14 1 1
github.com/kalenarndt/terraform-provider-graphql/internal/errors/error_helpers.go:136.24,138.15 1 1
github.com/kalenarndt/terraform-provider-graphql/internal/errors/error_helpers.go:139.21,140.15 1 1
github.com/kalenarndt/terraform-provider-graphql/internal/errors/error_helpers.go:141.27,142.15 1 1
github.com/kalenarndt/terraform-provider-graphql/internal/errors/error_helpers.go:143.25,144.15 1 1
github.com/kalenarndt/terraform-provider-graphql/internal/errors/error_helpers.go:145.10,146.15 1 1
github.com/kalenarndt/terraform-provider-graphql/internal/errors/error_helpers.go:151.106,158.37 2 0
github.com/kalenarndt/terraform-provider-graphql/internal/errors/error_helpers.go:158.37,160.3 1 0
github.com/kalenarndt/terraform-provider-graphql/internal/errors/error_helpers.go:162.2,162.19 1 0
github.com/kalenarndt/terraform-provider-graphql/internal/errors/error_helpers.go:163.26,164.55 1 0
github.com/kalenarndt/terraform-provider-graphql/internal/errors/error_helpers.go:165.24,166.53 1 0
github.com/kalenarndt/terraform-provider-graphql/internal/errors/error_helpers.go:167.21,168.60 1 0
github.com/kalenarndt/terraform-provider-graphql/internal/errors/error_helpers.go:169.27,170.56 1 0
github.com/kalenarndt/terraform-provider-graphql/internal/errors/error_helpers.go:171.24,172.53 1 0
github.com/kalenarndt/terraform-provider-graphql/internal/errors/error_helpers.go:173.10,174.56 1 0
github.com/kalenarndt/terraform-provider-graphql/internal/errors/error_helpers.go:179.52,180.17 1 1
github.com/kalenarndt/terraform-provider-graphql/internal/errors/error_helpers.go:180.17,182.3 1 1
github.com/kalenarndt/terraform-provider-graphql/internal/errors/error_helpers.go:183.2,183.39 1 1
github.com/kalenarndt/terraform-provider-graphql/internal/errors/error_helpers.go:187.49,190.2 1 1
github.com/kalenarndt/terraform-provider-graphql/graphql/gql_query.go:29.61,31.23 2 0
github.com/kalenarndt/terraform-provider-graphql/graphql/gql_query.go:31.23,32.37 1 0
github.com/kalenarndt/terraform-provider-graphql/graphql/gql_query.go:32.37,35.4 2 0
github.com/kalenarndt/terraform-provider-graphql/graphql/gql_query.go:37.2,37.14 1 0
github.com/kalenarndt/terraform-provider-graphql/graphql/keys.go:15.114,24.28 3 1
github.com/kalenarndt/terraform-provider-graphql/graphql/keys.go:24.28,26.10 2 1
github.com/kalenarndt/terraform-provider-graphql/graphql/keys.go:26.10,28.4 1 0
github.com/kalenarndt/terraform-provider-graphql/graphql/keys.go:31.3,35.23 3 1
github.com/kalenarndt/terraform-provider-graphql/graphql/keys.go:35.23,38.24 3 1
github.com/kalenarndt/terraform-provider-graphql/graphql/keys.go:38.24,41.25 2 1
github.com/kalenarndt/terraform-provider-graphql/graphql/keys.go:41.25,43.26 2 1
github.com/kalenarndt/terraform-provider-graphql/graphql/keys.go:43.26,51.7 2 1
github.com/kalenarndt/terraform-provider-graphql/graphql/keys.go:56.3,61.5 2 1
github.com/kalenarndt/terraform-provider-graphql/graphql/keys.go:63.2,63.18 1 1
github.com/kalenarndt/terraform-provider-graphql/graphql/keys.go:67.52,69.72 2 1
github.com/kalenarndt/terraform-provider-graphql/graphql/keys.go:69.72,71.3 1 0
github.com/kalenarndt/terraform-provider-graphql/graphql/keys.go:73.2,74.26 2 1
github.com/kalenarndt/terraform-provider-graphql/graphql/keys.go:74.26,76.3 1 1
github.com/kalenarndt/terraform-provider-graphql/graphql/keys.go:77.2,77.13 1 1
github.com/kalenarndt/terraform-provider-graphql/graphql/keys.go:81.24,82.11 1 1
github.com/kalenarndt/terraform-provider-graphql/graphql/keys.go:82.11,84.3 1 0
github.com/kalenarndt/terraform-provider-graphql/graphql/keys.go:85.2,85.10 1 1
github.com/kalenarndt/terraform-provider-graphql/graphql/keys.go:90.25,94.2 1 0
github.com/kalenarndt/terraform-provider-graphql/graphql/keys.go:98.35,100.12 2 0
github.com/kalenarndt/terraform-provider-graphql/graphql/keys.go:100.12,102.3 1 0
github.com/kalenarndt/terraform-provider-graphql/graphql/keys.go:103.2,103.13 1 0
github.com/kalenarndt/terraform-provider-graphql/graphql/keys.go:103.13,105.3 1 0
github.com/kalenarndt/terraform-provider-graphql/graphql/keys.go:107.2,107.10 1 0
github.com/kalenarndt/terraform-provider-graphql/graphql/keys.go:112.66,116.66 2 1
github.com/kalenarndt/terraform-provider-graphql/graphql/keys.go:116.66,117.36 1 1
github.com/kalenarndt/terraform-provider-graphql/graphql/keys.go:117.36,120.4 2 1
github.com/kalenarndt/terraform-provider-graphql/graphql/keys.go:123.3,123.42 1 1
github.com/kalenarndt/terraform-provider-graphql/graphql/keys.go:123.42,124.70 1 1
github.com/kalenarndt/terraform-provider-graphql/graphql/keys.go:124.70,127.5 2 1
github.com/kalenarndt/terraform-provider-graphql/graphql/keys.go:130.3,130.14 1 1
github.com/kalenarndt/terraform-provider-graphql/graphql/keys.go:133.2,133.15 1 1
github.com/kalenarndt/terraform-provider-graphql/graphql/mocks.go:391.25,393.2 1 0
github.com/kalenarndt/terraform-provider-graphql/graphql/mocks.go:395.25,397.2 1 0
github.com/kalenarndt/terraform-provider-graphql/graphql/mocks.go:399.71,401.2 1 0
github.com/kalenarndt/terraform-provider-graphql/graphql/mocks.go:403.77,405.2 1 0
github.com/kalenarndt/terraform-provider-graphql/graphql/mocks.go:407.83,409.2 1 0
github.com/kalenarndt/terraform-provider-graphql/graphql/mocks.go:411.96,413.2 1 0
github.com/kalenarndt/terraform-provider-graphql/graphql/mocks.go:415.76,417.2 1 0
github.com/kalenarndt/terraform-provider-graphql/graphql/mocks.go:419.77,421.2 1 0
github.com/kalenarndt/terraform-provider-graphql/graphql/provider.go:55.120,58.2 2 1
github.com/kalenarndt/terraform-provider-graphql/graphql/provider.go:61.114,118.2 1 1
github.com/kalenarndt/terraform-provider-graphql/graphql/provider.go:121.123,128.33 4 0
github.com/kalenarndt/terraform-provider-graphql/graphql/provider.go:128.33,130.3 1 0
github.com/kalenarndt/terraform-provider-graphql/graphql/provider.go:133.2,133.47 1 0
github.com/kalenarndt/terraform-provider-graphql/graphql/provider.go:133.47,140.3 2 0
github.com/kalenarndt/terraform-provider-graphql/graphql/provider.go:142.2,148.57 2 0
github.com/kalenarndt/terraform-provider-graphql/graphql/provider.go:148.57,151.34 3 0
github.com/kalenarndt/terraform-provider-graphql/graphql/provider.go:151.34,153.4 1 0
github.com/kalenarndt/terraform-provider-graphql/graphql/provider.go:154.3,154.30 1 0
github.com/kalenarndt/terraform-provider-graphql/graphql/provider.go:154.30,156.4 1 0
github.com/kalenarndt/terraform-provider-graphql/graphql/provider.go:160.2,160.75 1 0
github.com/kalenarndt/terraform-provider-graphql/graphql/provider.go:160.75,162.100 1 0
github.com/kalenarndt/terraform-provider-graphql/graphql/provider.go:162.100,168.4 2 0
github.com/kalenarndt/terraform-provider-graphql/graphql/provider.go:171.3,172.23 2 0
github.com/kalenarndt/terraform-provider-graphql/graphql/provider.go:172.23,175.4 2 0
github.com/kalenarndt/terraform-provider-graphql/graphql/provider.go:176.3,178.4 1 0
github.com/kalenarndt/terraform-provider-graphql/graphql/provider.go:179.8,179.76 1 0
github.com/kalenarndt/terraform-provider-graphql/graphql/provider.go:179.76,181.80 1 0
github.com/kalenarndt/terraform-provider-graphql/graphql/provider.go:181.80,187.4 2 0
github.com/kalenarndt/terraform-provider-graphql/graphql/provider.go:190.3,191.23 2 0
github.com/kalenarndt/terraform-provider-graphql/graphql/provider.go:191.23,194.4 2 0
github.com/kalenarndt/terraform-provider-graphql/graphql/provider.go:195.3,197.4 1 0
github.com/kalenarndt/terraform-provider-graphql/graphql/provider.go:201.2,201.81 1 0
github.com/kalenarndt/terraform-provider-graphql/graphql/provider.go:201.81,203.17 2 0
github.com/kalenarndt/terraform-provider-graphql/graphql/provider.go:203.17,206.4 2 0
github.com/kalenarndt/terraform-provider-graphql/graphql/provider.go:207.3,207.37 1 0
github.com/kalenarndt/terraform-provider-graphql/graphql/provider.go:208.8,211.3 1 0
github.com/kalenarndt/terraform-provider-graphql/graphql/provider.go:213.2,213.87 1 0
github.com/kalenarndt/terraform-provider-graphql/graphql/provider.go:213.87,215.17 2 0
github.com/kalenarndt/terraform-provider-graphql/graphql/provider.go:215.17,218.4 2 0
github.com/kalenarndt/terraform-provider-graphql/graphql/provider.go:219.3,219.40 1 0
github.com/kalenarndt/terraform-provider-graphql/graphql/provider.go:220.8,223.3 1 0
github.com/kalenarndt/terraform-provider-graphql/graphql/provider.go:227.2,230.79 3 0
github.com/kalenarndt/terraform-provider-graphql/graphql/provider.go:234.152,241.93 4 0
github.com/kalenarndt/terraform-provider-graphql/graphql/provider.go:241.93,244.23 3 0
github.com/kalenarndt/terraform-provider-graphql/graphql/provider.go:244.23,246.4 1 0
github.com/kalenarndt/terraform-provider-graphql/graphql/provider.go:248.3,249.30 2 0
github.com/kalenarndt/terraform-provider-graphql/graphql/provider.go:249.30,251.4 1 0
github.com/kalenarndt/terraform-provider-graphql/graphql/provider.go:253.3,254.17 2 0
github.com/kalenarndt/terraform-provider-graphql/graphql/provider.go:254.17,257.4 2 0
github.com/kalenarndt/terraform-provider-graphql/graphql/provider.go:258.3,258.41 1 0
github.com/kalenarndt/terraform-provider-graphql/graphql/provider.go:262.2,263.22 2 0
github.com/kalenarndt/terraform-provider-graphql/graphql/provider.go:263.22,265.3 1 0
github.com/kalenarndt/terraform-provider-graphql/graphql/provider.go:267.2,267.35 1 0
github.com/kalenarndt/terraform-provider-graphql/graphql/provider.go:267.35,268.47 1 0
github.com/kalenarndt/terraform-provider-graphql/graphql/provider.go:268.47,270.4 1 0
github.com/kalenarndt/terraform-provider-graphql/graphql/provider.go:271.3,271.19 1 0
github.com/kalenarndt/terraform-provider-graphql/graphql/provider.go:275.2,279.16 2 0
github.com/kalenarndt/terraform-provider-graphql/graphql/provider.go:279.16,282.3 2 0
github.com/kalenarndt/terraform-provider-graphql/graphql/provider.go:284.2,285.9 2 0
github.com/kalenarndt/terraform-provider-graphql/graphql/provider.go:285.9,288.3 2 0
github.com/kalenarndt/terraform-provider-graphql/graphql/provider.go:290.2,291.21 2 0
github.com/kalenarndt/terraform-provider-graphql/graphql/provider.go:295.125,302.75 4 0
github.com/kalenarndt/terraform-provider-graphql/graphql/provider.go:302.75,304.3 1 0
github.com/kalenarndt/terraform-provider-graphql/graphql/provider.go:307.2,310.96 2 0
github.com/kalenarndt/terraform-provider-graphql/graphql/provider.go:310.96,311.67 1 0
github.com/kalenarndt/terraform-provider-graphql/graphql/provider.go:311.67,315.4 3 0
github.com/kalenarndt/terraform-provider-graphql/graphql/provider.go:315.9,317.4 1 0
github.com/kalenarndt/terraform-provider-graphql/graphql/provider.go:320.2,320.104 1 0
github.com/kalenarndt/terraform-provider-graphql/graphql/provider.go:320.104,321.79 1 0
github.com/kalenarndt/terraform-provider-graphql/graphql/provider.go:321.79,325.4 3 0
github.com/kalenarndt/terraform-provider-graphql/graphql/provider.go:325.9,327.4 1 0
github.com/kalenarndt/terraform-provider-graphql/graphql/provider.go:331.2,332.16 2 0
github.com/kalenarndt/terraform-provider-graphql/graphql/provider.go:332.16,335.3 2 0
github.com/kalenarndt/terraform-provider-graphql/graphql/provider.go:338.2,338.75 1 0
github.com/kalenarndt/terraform-provider-graphql/graphql/provider.go:338.75,341.3 2 0
github.com/kalenarndt/terraform-provider-graphql/graphql/provider.go:341.8,345.23 3 0
github.com/kalenarndt/terraform-provider-graphql/graphql/provider.go:345.23,347.4 1 0
github.com/kalenarndt/terraform-provider-graphql/graphql/provider.go:348.3,348.30 1 0
github.com/kalenarndt/terraform-provider-graphql/graphql/provider.go:348.30,350.4 1 0
github.com/kalenarndt/terraform-provider-graphql/graphql/provider.go:354.2,356.16 3 0
github.com/kalenarndt/terraform-provider-graphql/graphql/provider.go:356.16,359.3 2 0
github.com/kalenarndt/terraform-provider-graphql/graphql/provider.go:360.2,364.16 3 0
github.com/kalenarndt/terraform-provider-graphql/graphql/provider.go:364.16,367.3 2 0
github.com/kalenarndt/terraform-provider-graphql/graphql/provider.go:369.2,369.38 1 0
github.com/kalenarndt/terraform-provider-graphql/graphql/provider.go:369.38,372.3 2 0
github.com/kalenarndt/terraform-provider-graphql/graphql/provider.go:375.2,376.22 2 0
github.com/kalenarndt/terraform-provider-graphql/graphql/provider.go:376.22,379.3 2 0
github.com/kalenarndt/terraform-provider-graphql/graphql/provider.go:381.2,382.17 2 0
github.com/kalenarndt/terraform-provider-graphql/graphql/provider.go:382.17,385.3 2 0
github.com/kalenarndt/terraform-provider-graphql/graphql/provider.go:387.2,388.21 2 0
github.com/kalenarndt/terraform-provider-graphql/graphql/provider.go:392.85,396.2 1 1
github.com/kalenarndt/terraform-provider-graphql/graphql/provider.go:399.91,403.2 1 1
github.com/kalenarndt/terraform-provider-graphql/graphql/provider.go:406.51,407.34 1 1
github.com/kalenarndt/terraform-provider-graphql/graphql/provider.go:407.34,411.3 1 1
github.com/kalenarndt/terraform-provider-graphql/graphql/provider.go:420.131,422.2 1 0
github.com/kalenarndt/terraform-provider-graphql/graphql/provider.go:425.125,452.2 1 0
github.com/kalenarndt/terraform-provider-graphql/graphql/provider.go:455.134,456.29 1 0
github.com/kalenarndt/terraform-provider-graphql/graphql/provider.go:456.29,458.3 1 0
github.com/kalenarndt/terraform-provider-graphql/graphql/provider.go:460.2,461.9 2 0
github.com/kalenarndt/terraform-provider-graphql/graphql/provider.go:461.9,467.3 2 0
github.com/kalenarndt/terraform-provider-graphql/graphql/provider.go:469.2,469.19 1 0
github.com/kalenarndt/terraform-provider-graphql/graphql/provider.go:473.119,480.33 4 0
github.com/kalenarndt/terraform-provider-graphql/graphql/provider.go:480.33,482.3 1 0
github.com/kalenarndt/terraform-provider-graphql/graphql/provider.go:485.2,486.71 2 0
github.com/kalenarndt/terraform-provider-graphql/graphql/provider.go:486.71,489.34 3 0
github.com/kalenarndt/terraform-provider-graphql/graphql/provider.go:489.34,491.4 1 0
github.com/kalenarndt/terraform-provider-graphql/graphql/provider.go:493.3,494.30 2 0
github.com/kalenarndt/terraform-provider-graphql/graphql/provider.go:494.30,496.4 1 0
github.com/kalenarndt/terraform-provider-graphql/graphql/provider.go:498.3,499.17 2 0
github.com/kalenarndt/terraform-provider-graphql/graphql/provider.go:499.17,502.4 2 0
github.com/kalenarndt/terraform-provider-graphql/graphql/provider.go:503.3,503.41 1 0
github.com/kalenarndt/terraform-provider-graphql/graphql/provider.go:506.2,509.22 3 0
github.com/kalenarndt/terraform-provider-graphql/graphql/provider.go:509.22,512.3 2 0
github.com/kalenarndt/terraform-provider-graphql/graphql/provider.go:514.2,514.35 1 0
github.com/kalenarndt/terraform-provider-graphql/graphql/provider.go:514.35,515.47 1 0
github.com/kalenarndt/terraform-provider-graphql/graphql/provider.go:515.47,517.4 1 0
github.com/kalenarndt/terraform-provider-graphql/graphql/provider.go:518.3,518.9 1 0
github.com/kalenarndt/terraform-provider-graphql/graphql/provider.go:521.2,525.97 4 0
github.com/kalenarndt/terraform-provider-graphql/graphql/provider.go:529.53,531.2 1 1
github.com/kalenarndt/terraform-provider-graphql/graphql/provider.go:534.56,538.2 1 1
github.com/kalenarndt/terraform-provider-graphql/graphql/query_executor.go:28.70,32.20 3 1
github.com/kalenarndt/terraform-provider-graphql/graphql/query_executor.go:32.20,34.3 1 1
github.com/kalenarndt/terraform-provider-graphql/graphql/query_executor.go:35.2,35.23 1 1
github.com/kalenarndt/terraform-provider-graphql/graphql/query_executor.go:35.23,37.3 1 1
github.com/kalenarndt/terraform-provider-graphql/graphql/query_executor.go:41.176,51.26 4 0
github.com/kalenarndt/terraform-provider-graphql/graphql/query_executor.go:51.26,52.81 1 0
github.com/kalenarndt/terraform-provider-graphql/graphql/query_executor.go:52.81,55.4 2 0
github.com/kalenarndt/terraform-provider-graphql/graphql/query_executor.go:58.2,62.19 2 0
github.com/kalenarndt/terraform-provider-graphql/graphql/query_executor.go:62.19,64.3 1 0
github.com/kalenarndt/terraform-provider-graphql/graphql/query_executor.go:66.2,66.72 1 0
github.com/kalenarndt/terraform-provider-graphql/graphql/query_executor.go:70.105,71.27 1 1
github.com/kalenarndt/terraform-provider-graphql/graphql/query_executor.go:71.27,72.19 1 1
github.com/kalenarndt/terraform-provider-graphql/graphql/query_executor.go:72.19,74.4 1 1
github.com/kalenarndt/terraform-provider-graphql/graphql/query_executor.go:75.3,75.38 1 1
github.com/kalenarndt/terraform-provider-graphql/graphql/query_executor.go:78.2,80.18 2 1
github.com/kalenarndt/terraform-provider-graphql/graphql/query_executor.go:80.18,82.3 1 1
github.com/kalenarndt/terraform-provider-graphql/graphql/query_executor.go:84.2,84.22 1 1
github.com/kalenarndt/terraform-provider-graphql/graphql/query_executor.go:88.64,89.26 1 1
github.com/kalenarndt/terraform-provider-graphql/graphql/query_executor.go:90.30,92.27 2 1
github.com/kalenarndt/terraform-provider-graphql/graphql/query_executor.go:92.27,94.4 1 1
github.com/kalenarndt/terraform-provider-graphql/graphql/query_executor.go:95.3,95.16 1 1
github.com/kalenarndt/terraform-provider-graphql/graphql/query_executor.go:96.21,98.25 2 1
github.com/kalenarndt/terraform-provider-graphql/graphql/query_executor.go:98.25,100.4 1 1
github.com/kalenarndt/terraform-provider-graphql/graphql/query_executor.go:101.3,101.18 1 1
github.com/kalenarndt/terraform-provider-graphql/graphql/query_executor.go:102.10,103.11 1 1
github.com/kalenarndt/terraform-provider-graphql/graphql/query_executor.go:108.183,117.59 5 0
github.com/kalenarndt/terraform-provider-graphql/graphql/query_executor.go:117.59,119.3 1 0
github.com/kalenarndt/terraform-provider-graphql/graphql/query_executor.go:122.2,123.16 2 0
github.com/kalenarndt/terraform-provider-graphql/graphql/query_executor.go:123.16,125.3 1 0
github.com/kalenarndt/terraform-provider-graphql/graphql/query_executor.go:125.8,127.3 1 0
github.com/kalenarndt/terraform-provider-graphql/graphql/query_executor.go:129.2,129.20 1 0
github.com/kalenarndt/terraform-provider-graphql/graphql/query_executor.go:129.20,130.43 1 0
github.com/kalenarndt/terraform-provider-graphql/graphql/query_executor.go:130.43,133.4 2 0
github.com/kalenarndt/terraform-provider-graphql/graphql/query_executor.go:136.2,136.53 1 0
github.com/kalenarndt/terraform-provider-graphql/graphql/query_executor.go:136.53,140.31 2 0
github.com/kalenarndt/terraform-provider-graphql/graphql/query_executor.go:140.31,142.4 1 0
github.com/kalenarndt/terraform-provider-graphql/graphql/query_executor.go:145.3,145.37 1 0
github.com/kalenarndt/terraform-provider-graphql/graphql/query_executor.go:145.37,146.28 1 0
github.com/kalenarndt/terraform-provider-graphql/graphql/query_executor.go:146.28,149.23 2 0
github.com/kalenarndt/terraform-provider-graphql/graphql/query_executor.go:149.23,156.6 2 0
github.com/kalenarndt/terraform-provider-graphql/graphql/query_executor.go:156.11,168.6 5 0
github.com/kalenarndt/terraform-provider-graphql/graphql/query_executor.go:169.5,169.13 1 0
github.com/kalenarndt/terraform-provider-graphql/graphql/query_executor.go:174.3,174.41 1 0
github.com/kalenarndt/terraform-provider-graphql/graphql/query_executor.go:174.41,180.4 2 0
github.com/kalenarndt/terraform-provider-graphql/graphql/query_executor.go:183.3,183.48 1 0
github.com/kalenarndt/terraform-provider-graphql/graphql/query_executor.go:186.2,186.24 1 0
github.com/kalenarndt/terraform-provider-graphql/graphql/query_executor.go:190.60,191.26 1 1
github.com/kalenarndt/terraform-provider-graphql/graphql/query_executor.go:191.26,192.47 1 1
github.com/kalenarndt/terraform-provider-graphql/graphql/query_executor.go:192.47,194.52 1 1
github.com/kalenarndt/terraform-provider-graphql/graphql/query_executor.go:194.52,197.20 2 1
github.com/kalenarndt/terraform-provider-graphql/graphql/query_executor.go:197.20,200.19 3 1
github.com/kalenarndt/terraform-provider-graphql/graphql/query_executor.go:200.19,202.7 1 1
github.com/kalenarndt/terraform-provider-graphql/graphql/query_executor.go:203.6,203.19 1 1
github.com/kalenarndt/terraform-provider-graphql/graphql/query_executor.go:203.19,205.71 2 1
github.com/kalenarndt/terraform-provider-graphql/graphql/query_executor.go:205.71,208.8 1 1
github.com/kalenarndt/terraform-provider-graphql/graphql/query_executor.go:214.2,214.10 1 1
github.com/kalenarndt/terraform-provider-graphql/graphql/query_executor.go:218.180,228.77 4 0
github.com/kalenarndt/terraform-provider-graphql/graphql/query_executor.go:228.77,231.3 2 0
github.com/kalenarndt/terraform-provider-graphql/graphql/query_executor.go:233.2,243.16 3 0
github.com/kalenarndt/terraform-provider-graphql/graphql/query_executor.go:243.16,246.3 2 0
github.com/kalenarndt/terraform-provider-graphql/graphql/query_executor.go:249.2,253.61 3 0
github.com/kalenarndt/terraform-provider-graphql/graphql/query_executor.go:253.61,255.3 1 0
github.com/kalenarndt/terraform-provider-graphql/graphql/query_executor.go:258.2,258.48 1 0
github.com/kalenarndt/terraform-provider-graphql/graphql/query_executor.go:258.48,260.3 1 0
github.com/kalenarndt/terraform-provider-graphql/graphql/query_executor.go:263.2,265.16 3 0
github.com/kalenarndt/terraform-provider-graphql/graphql/query_executor.go:265.16,268.3 2 0
github.com/kalenarndt/terraform-provider-graphql/graphql/query_executor.go:269.2,272.16 3 0
github.com/kalenarndt/terraform-provider-graphql/graphql/query_executor.go:272.16,275.3 2 0
github.com/kalenarndt/terraform-provider-graphql/graphql/query_executor.go:277.2,282.38 2 0
github.com/kalenarndt/terraform-provider-graphql/graphql/query_executor.go:282.38,285.3 2 0
github.com/kalenarndt/terraform-provider-graphql/graphql/query_executor.go:287.2,288.66 2 0
github.com/kalenarndt/terraform-provider-graphql/graphql/query_executor.go:288.66,291.3 2 0
github.com/kalenarndt/terraform-provider-graphql/graphql/query_executor.go:293.2,293.41 1 0
github.com/kalenarndt/terraform-provider-graphql/graphql/query_executor.go:297.52,298.26 1 1
github.com/kalenarndt/terraform-provider-graphql/graphql/query_executor.go:298.26,299.93 1 1
github.com/kalenarndt/terraform-provider-graphql/graphql/query_executor.go:299.93,301.4 1 1
github.com/kalenarndt/terraform-provider-graphql/graphql/query_executor.go:303.2,303.14 1 1
github.com/kalenarndt/terraform-provider-graphql/graphql/query_executor.go:307.56,308.26 1 1
github.com/kalenarndt/terraform-provider-graphql/graphql/query_executor.go:308.26,313.41 2 1
github.com/kalenarndt/terraform-provider-graphql/graphql/query_executor.go:313.41,315.4 1 1
github.com/kalenarndt/terraform-provider-graphql/graphql/query_executor.go:317.2,317.14 1 1
github.com/kalenarndt/terraform-provider-graphql/graphql/query_executor.go:321.185,324.2 2 0
github.com/kalenarndt/terraform-provider-graphql/graphql/query_executor.go:327.188,332.6 4 0
github.com/kalenarndt/terraform-provider-graphql/graphql/query_executor.go:332.6,335.28 3 0
github.com/kalenarndt/terraform-provider-graphql/graphql/query_executor.go:335.28,338.4 2 0
github.com/kalenarndt/terraform-provider-graphql/graphql/query_executor.go:340.3,340.36 1 0
github.com/kalenarndt/terraform-provider-graphql/graphql/query_executor.go:340.36,341.48 1 0
github.com/kalenarndt/terraform-provider-graphql/graphql/query_executor.go:341.48,343.5 1 0
github.com/kalenarndt/terraform-provider-graphql/graphql/query_executor.go:344.4,344.26 1 0
github.com/kalenarndt/terraform-provider-graphql/graphql/query_executor.go:348.3,349.18 2 0
github.com/kalenarndt/terraform-provider-graphql/graphql/query_executor.go:349.18,351.4 1 0
github.com/kalenarndt/terraform-provider-graphql/graphql/query_executor.go:353.3,353.19 1 0
github.com/kalenarndt/terraform-provider-graphql/graphql/query_executor.go:353.19,354.9 1 0
github.com/kalenarndt/terraform-provider-graphql/graphql/query_executor.go:357.3,358.19 2 0
github.com/kalenarndt/terraform-provider-graphql/graphql/query_executor.go:358.19,359.9 1 0
github.com/kalenarndt/terraform-provider-graphql/graphql/query_executor.go:364.2,373.16 3 0
github.com/kalenarndt/terraform-provider-graphql/graphql/query_executor.go:373.16,376.3 2 0
github.com/kalenarndt/terraform-provider-graphql/graphql/query_executor.go:378.2,378.47 1 0
github.com/kalenarndt/terraform-provider-graphql/graphql/query_executor.go:382.95,383.17 1 1
github.com/kalenarndt/terraform-provider-graphql/graphql/query_executor.go:383.17,385.3 1 1
github.com/kalenarndt/terraform-provider-graphql/graphql/query_executor.go:388.2,388.29 1 1
github.com/kalenarndt/terraform-provider-graphql/graphql/query_executor.go:388.29,389.57 1 1
github.com/kalenarndt/terraform-provider-graphql/graphql/query_executor.go:389.57,391.50 1 1
github.com/kalenarndt/terraform-provider-graphql/graphql/query_executor.go:391.50,392.78 1 1
github.com/kalenarndt/terraform-provider-graphql/graphql/query_executor.go:392.78,394.70 2 1
github.com/kalenarndt/terraform-provider-graphql/graphql/query_executor.go:394.70,396.7 1 1
github.com/kalenarndt/terraform-provider-graphql/graphql/query_executor.go:398.6,399.68 2 1
github.com/kalenarndt/terraform-provider-graphql/graphql/query_executor.go:399.68,401.7 1 1
github.com/kalenarndt/terraform-provider-graphql/graphql/query_executor.go:403.6,403.45 1 1
github.com/kalenarndt/terraform-provider-graphql/graphql/query_executor.go:410.2,410.24 1 1
github.com/kalenarndt/terraform-provider-graphql/graphql/query_executor.go:414.79,415.17 1 1
github.com/kalenarndt/terraform-provider-graphql/graphql/query_executor.go:415.17,417.3 1 0
github.com/kalenarndt/terraform-provider-graphql/graphql/query_executor.go:420.2,420.29 1 1
github.com/kalenarndt/terraform-provider-graphql/graphql/query_executor.go:420.29,421.57 1 1
github.com/kalenarndt/terraform-provider-graphql/graphql/query_executor.go:421.57,422.59 1 1
github.com/kalenarndt/terraform-provider-graphql/graphql/query_executor.go:422.59,424.5 1 1
github.com/kalenarndt/terraform-provider-graphql/graphql/query_executor.go:428.2,428.19 1 1
github.com/kalenarndt/terraform-provider-graphql/graphql/resource_graphql_mutation.go:52.78,54.28 2 0
github.com/kalenarndt/terraform-provider-graphql/graphql/resource_graphql_mutation.go:54.28,56.29 2 0
github.com/kalenarndt/terraform-provider-graphql/graphql/resource_graphql_mutation.go:57.31,58.10 1 0
github.com/kalenarndt/terraform-provider-graphql/graphql/resource_graphql_mutation.go:58.10,59.66 1 0
github.com/kalenarndt/terraform-provider-graphql/graphql/resource_graphql_mutation.go:59.66,61.26 2 0
github.com/kalenarndt/terraform-provider-graphql/graphql/resource_graphql_mutation.go:61.26,63.7 1 0
github.com/kalenarndt/terraform-provider-graphql/graphql/resource_graphql_mutation.go:64.11,66.6 1 0
github.com/kalenarndt/terraform-provider-graphql/graphql/resource_graphql_mutation.go:67.10,69.5 1 0
github.com/kalenarndt/terraform-provider-graphql/graphql/resource_graphql_mutation.go:70.11,71.47 1 0
github.com/kalenarndt/terraform-provider-graphql/graphql/resource_graphql_mutation.go:71.47,73.5 1 0
github.com/kalenarndt/terraform-provider-graphql/graphql/resource_graphql_mutation.go:76.2,76.13 1 0
github.com/kalenarndt/terraform-provider-graphql/graphql/resource_graphql_mutation.go:80.128,82.2 1 0
github.com/kalenarndt/terraform-provider-graphql/graphql/resource_graphql_mutation.go:85.122,189.2 1 0
github.com/kalenarndt/terraform-provider-graphql/graphql/resource_graphql_mutation.go:192.131,193.29 1 0
github.com/kalenarndt/terraform-provider-graphql/graphql/resource_graphql_mutation.go:193.29,195.3 1 0
github.com/kalenarndt/terraform-provider-graphql/graphql/resource_graphql_mutation.go:197.2,198.9 2 0
github.com/kalenarndt/terraform-provider-graphql/graphql/resource_graphql_mutation.go:198.9,204.3 2 0
github.com/kalenarndt/terraform-provider-graphql/graphql/resource_graphql_mutation.go:206.2,206.19 1 0
github.com/kalenarndt/terraform-provider-graphql/graphql/resource_graphql_mutation.go:210.122,217.33 4 0
github.com/kalenarndt/terraform-provider-graphql/graphql/resource_graphql_mutation.go:217.33,219.3 1 0
github.com/kalenarndt/terraform-provider-graphql/graphql/resource_graphql_mutation.go:222.2,223.22 2 0
github.com/kalenarndt/terraform-provider-graphql/graphql/resource_graphql_mutation.go:223.22,226.3 2 0
github.com/kalenarndt/terraform-provider-graphql/graphql/resource_graphql_mutation.go:229.2,233.26 3 0
github.com/kalenarndt/terraform-provider-graphql/graphql/resource_graphql_mutation.go:233.26,240.3 1 0
github.com/kalenarndt/terraform-provider-graphql/graphql/resource_graphql_mutation.go:243.2,243.45 1 0
github.com/kalenarndt/terraform-provider-graphql/graphql/resource_graphql_mutation.go:243.45,247.3 2 0
github.com/kalenarndt/terraform-provider-graphql/graphql/resource_graphql_mutation.go:250.2,250.69 1 0
github.com/kalenarndt/terraform-provider-graphql/graphql/resource_graphql_mutation.go:250.69,253.3 1 0
github.com/kalenarndt/terraform-provider-graphql/graphql/resource_graphql_mutation.go:256.2,256.101 1 0
github.com/kalenarndt/terraform-provider-graphql/graphql/resource_graphql_mutation.go:256.101,259.3 1 0
github.com/kalenarndt/terraform-provider-graphql/graphql/resource_graphql_mutation.go:262.2,262.65 1 0
github.com/kalenarndt/terraform-provider-graphql/graphql/resource_graphql_mutation.go:262.65,265.3 2 0
github.com/kalenarndt/terraform-provider-graphql/graphql/resource_graphql_mutation.go:268.2,268.105 1 0
github.com/kalenarndt/terraform-provider-graphql/graphql/resource_graphql_mutation.go:268.105,270.3 1 0
github.com/kalenarndt/terraform-provider-graphql/graphql/resource_graphql_mutation.go:273.2,273.105 1 0
github.com/kalenarndt/terraform-provider-graphql/graphql/resource_graphql_mutation.go:273.105,275.3 1 0
github.com/kalenarndt/terraform-provider-graphql/graphql/resource_graphql_mutation.go:278.2,278.77 1 0
github.com/kalenarndt/terraform-provider-graphql/graphql/resource_graphql_mutation.go:278.77,280.3 1 0
github.com/kalenarndt/terraform-provider-graphql/graphql/resource_graphql_mutation.go:283.2,284.88 2 0
github.com/kalenarndt/terraform-provider-graphql/graphql/resource_graphql_mutation.go:288.116,295.33 4 0
github.com/kalenarndt/terraform-provider-graphql/graphql/resource_graphql_mutation.go:295.33,297.3 1 0
github.com/kalenarndt/terraform-provider-graphql/graphql/resource_graphql_mutation.go:301.2,305.22 3 0
github.com/kalenarndt/terraform-provider-graphql/graphql/resource_graphql_mutation.go:305.22,308.30 2 0
github.com/kalenarndt/terraform-provider-graphql/graphql/resource_graphql_mutation.go:308.30,316.77 2 0
github.com/kalenarndt/terraform-provider-graphql/graphql/resource_graphql_mutation.go:316.77,318.10 2 0
github.com/kalenarndt/terraform-provider-graphql/graphql/resource_graphql_mutation.go:322.3,322.22 1 0
github.com/kalenarndt/terraform-provider-graphql/graphql/resource_graphql_mutation.go:322.22,326.4 3 0
github.com/kalenarndt/terraform-provider-graphql/graphql/resource_graphql_mutation.go:328.3,329.9 2 0
github.com/kalenarndt/terraform-provider-graphql/graphql/resource_graphql_mutation.go:333.2,333.22 1 0
github.com/kalenarndt/terraform-provider-graphql/graphql/resource_graphql_mutation.go:333.22,338.3 3 0
github.com/kalenarndt/terraform-provider-graphql/graphql/resource_graphql_mutation.go:342.2,345.69 2 0
github.com/kalenarndt/terraform-provider-graphql/graphql/resource_graphql_mutation.go:345.69,351.3 2 0
github.com/kalenarndt/terraform-provider-graphql/graphql/resource_graphql_mutation.go:357.2,357.69 1 0
github.com/kalenarndt/terraform-provider-graphql/graphql/resource_graphql_mutation.go:357.69,359.29 2 0
github.com/kalenarndt/terraform-provider-graphql/graphql/resource_graphql_mutation.go:359.29,361.83 2 0
github.com/kalenarndt/terraform-provider-graphql/graphql/resource_graphql_mutation.go:361.83,367.80 3 0
github.com/kalenarndt/terraform-provider-graphql/graphql/resource_graphql_mutation.go:367.80,369.47 2 0
github.com/kalenarndt/terraform-provider-graphql/graphql/resource_graphql_mutation.go:369.47,370.79 1 0
github.com/kalenarndt/terraform-provider-graphql/graphql/resource_graphql_mutation.go:370.79,373.78 2 0
github.com/kalenarndt/terraform-provider-graphql/graphql/resource_graphql_mutation.go:373.78,375.9 1 0
github.com/kalenarndt/terraform-provider-graphql/graphql/resource_graphql_mutation.go:375.14,377.9 1 0
github.com/kalenarndt/terraform-provider-graphql/graphql/resource_graphql_mutation.go:380.8,394.20 6 0
github.com/kalenarndt/terraform-provider-graphql/graphql/resource_graphql_mutation.go:394.20,401.122 2 0
github.com/kalenarndt/terraform-provider-graphql/graphql/resource_graphql_mutation.go:401.122,411.10 3 0
github.com/kalenarndt/terraform-provider-graphql/graphql/resource_graphql_mutation.go:411.15,418.10 3 0
github.com/kalenarndt/terraform-provider-graphql/graphql/resource_graphql_mutation.go:421.9,422.84 2 0
github.com/kalenarndt/terraform-provider-graphql/graphql/resource_graphql_mutation.go:422.84,424.10 1 0
github.com/kalenarndt/terraform-provider-graphql/graphql/resource_graphql_mutation.go:425.9,425.22 1 0
github.com/kalenarndt/terraform-provider-graphql/graphql/resource_graphql_mutation.go:425.22,434.79 3 0
github.com/kalenarndt/terraform-provider-graphql/graphql/resource_graphql_mutation.go:434.79,436.102 2 0
github.com/kalenarndt/terraform-provider-graphql/graphql/resource_graphql_mutation.go:436.102,437.56 1 0
github.com/kalenarndt/terraform-provider-graphql/graphql/resource_graphql_mutation.go:437.56,439.13 1 0
github.com/kalenarndt/terraform-provider-graphql/graphql/resource_graphql_mutation.go:442.10,446.12 3 0
github.com/kalenarndt/terraform-provider-graphql/graphql/resource_graphql_mutation.go:447.15,457.10 4 0
github.com/kalenarndt/terraform-provider-graphql/graphql/resource_graphql_mutation.go:458.14,460.9 1 0
github.com/kalenarndt/terraform-provider-graphql/graphql/resource_graphql_mutation.go:469.2,478.97 3 0
github.com/kalenarndt/terraform-provider-graphql/graphql/resource_graphql_mutation.go:482.122,490.33 5 0
github.com/kalenarndt/terraform-provider-graphql/graphql/resource_graphql_mutation.go:490.33,492.3 1 0
github.com/kalenarndt/terraform-provider-graphql/graphql/resource_graphql_mutation.go:495.2,496.33 2 0
github.com/kalenarndt/terraform-provider-graphql/graphql/resource_graphql_mutation.go:496.33,498.3 1 0
github.com/kalenarndt/terraform-provider-graphql/graphql/resource_graphql_mutation.go:502.2,505.49 2 0
github.com/kalenarndt/terraform-provider-graphql/graphql/resource_graphql_mutation.go:505.49,507.3 1 0
github.com/kalenarndt/terraform-provider-graphql/graphql/resource_graphql_mutation.go:510.2,510.35 1 0
github.com/kalenarndt/terraform-provider-graphql/graphql/resource_graphql_mutation.go:510.35,515.23 3 0
github.com/kalenarndt/terraform-provider-graphql/graphql/resource_graphql_mutation.go:515.23,518.4 2 0
github.com/kalenarndt/terraform-provider-graphql/graphql/resource_graphql_mutation.go:521.3,522.29 2 0
github.com/kalenarndt/terraform-provider-graphql/graphql/resource_graphql_mutation.go:522.29,525.4 2 0
github.com/kalenarndt/terraform-provider-graphql/graphql/resource_graphql_mutation.go:526.8,531.102 3 0
github.com/kalenarndt/terraform-provider-graphql/graphql/resource_graphql_mutation.go:531.102,533.4 1 0
github.com/kalenarndt/terraform-provider-graphql/graphql/resource_graphql_mutation.go:535.3,535.36 1 0
github.com/kalenarndt/terraform-provider-graphql/graphql/resource_graphql_mutation.go:535.36,539.24 3 0
github.com/kalenarndt/terraform-provider-graphql/graphql/resource_graphql_mutation.go:539.24,542.5 2 0
github.com/kalenarndt/terraform-provider-graphql/graphql/resource_graphql_mutation.go:546.4,546.71 1 0
github.com/kalenarndt/terraform-provider-graphql/graphql/resource_graphql_mutation.go:546.71,548.100 2 0
github.com/kalenarndt/terraform-provider-graphql/graphql/resource_graphql_mutation.go:548.100,553.81 3 0
github.com/kalenarndt/terraform-provider-graphql/graphql/resource_graphql_mutation.go:553.81,555.48 2 0
github.com/kalenarndt/terraform-provider-graphql/graphql/resource_graphql_mutation.go:555.48,556.81 1 0
github.com/kalenarndt/terraform-provider-graphql/graphql/resource_graphql_mutation.go:556.81,558.89 1 0
github.com/kalenarndt/terraform-provider-graphql/graphql/resource_graphql_mutation.go:558.89,560.10 1 0
github.com/kalenarndt/terraform-provider-graphql/graphql/resource_graphql_mutation.go:563.9,573.21 4 0
github.com/kalenarndt/terraform-provider-graphql/graphql/resource_graphql_mutation.go:573.21,577.10 1 0
github.com/kalenarndt/terraform-provider-graphql/graphql/resource_graphql_mutation.go:577.15,579.10 1 0
github.com/kalenarndt/terraform-provider-graphql/graphql/resource_graphql_mutation.go:585.9,587.4 1 0
github.com/kalenarndt/terraform-provider-graphql/graphql/resource_graphql_mutation.go:590.3,590.65 1 0
github.com/kalenarndt/terraform-provider-graphql/graphql/resource_graphql_mutation.go:590.65,593.4 2 0
github.com/kalenarndt/terraform-provider-graphql/graphql/resource_graphql_mutation.go:596.3,596.108 1 0
github.com/kalenarndt/terraform-provider-graphql/graphql/resource_graphql_mutation.go:596.108,600.4 1 0
github.com/kalenarndt/terraform-provider-graphql/graphql/resource_graphql_mutation.go:600.9,602.4 1 0
github.com/kalenarndt/terraform-provider-graphql/graphql/resource_graphql_mutation.go:605.3,606.108 2 0
github.com/kalenarndt/terraform-provider-graphql/graphql/resource_graphql_mutation.go:606.108,608.27 2 0
github.com/kalenarndt/terraform-provider-graphql/graphql/resource_graphql_mutation.go:608.27,610.78 2 0
github.com/kalenarndt/terraform-provider-graphql/graphql/resource_graphql_mutation.go:610.78,611.71 1 0
github.com/kalenarndt/terraform-provider-graphql/graphql/resource_graphql_mutation.go:611.71,613.71 1 0
github.com/kalenarndt/terraform-provider-graphql/graphql/resource_graphql_mutation.go:613.71,616.8 2 0
github.com/kalenarndt/terraform-provider-graphql/graphql/resource_graphql_mutation.go:622.3,622.19 1 0
github.com/kalenarndt/terraform-provider-graphql/graphql/resource_graphql_mutation.go:622.19,624.116 2 0
github.com/kalenarndt/terraform-provider-graphql/graphql/resource_graphql_mutation.go:624.116,629.5 2 0
github.com/kalenarndt/terraform-provider-graphql/graphql/resource_graphql_mutation.go:629.10,632.26 2 0
github.com/kalenarndt/terraform-provider-graphql/graphql/resource_graphql_mutation.go:632.26,634.6 1 0
github.com/kalenarndt/terraform-provider-graphql/graphql/resource_graphql_mutation.go:634.11,636.6 1 0
github.com/kalenarndt/terraform-provider-graphql/graphql/resource_graphql_mutation.go:637.5,639.7 1 0
github.com/kalenarndt/terraform-provider-graphql/graphql/resource_graphql_mutation.go:642.4,643.30 2 0
github.com/kalenarndt/terraform-provider-graphql/graphql/resource_graphql_mutation.go:643.30,646.5 2 0
github.com/kalenarndt/terraform-provider-graphql/graphql/resource_graphql_mutation.go:647.9,649.4 1 0
github.com/kalenarndt/terraform-provider-graphql/graphql/resource_graphql_mutation.go:652.3,653.27 2 0
github.com/kalenarndt/terraform-provider-graphql/graphql/resource_graphql_mutation.go:653.27,656.4 2 0
github.com/kalenarndt/terraform-provider-graphql/graphql/resource_graphql_mutation.go:660.3,660.70 1 0
github.com/kalenarndt/terraform-provider-graphql/graphql/resource_graphql_mutation.go:660.70,662.99 2 0
github.com/kalenarndt/terraform-provider-graphql/graphql/resource_graphql_mutation.go:662.99,671.5 4 0
github.com/kalenarndt/terraform-provider-graphql/graphql/resource_graphql_mutation.go:677.2,681.88 3 0
github.com/kalenarndt/terraform-provider-graphql/graphql/resource_graphql_mutation.go:685.122,692.33 4 0
github.com/kalenarndt/terraform-provider-graphql/graphql/resource_graphql_mutation.go:692.33,694.3 1 0
github.com/kalenarndt/terraform-provider-graphql/graphql/resource_graphql_mutation.go:697.2,698.22 2 0
github.com/kalenarndt/terraform-provider-graphql/graphql/resource_graphql_mutation.go:698.22,701.3 2 0
github.com/kalenarndt/terraform-provider-graphql/graphql/resource_graphql_mutation.go:703.2,703.88 1 0
github.com/kalenarndt/terraform-provider-graphql/graphql/resource_graphql_mutation.go:707.137,714.2 3 0
github.com/kalenarndt/terraform-provider-graphql/graphql/resource_graphql_mutation.go:717.168,730.22 5 0
github.com/kalenarndt/terraform-provider-graphql/graphql/resource_graphql_mutation.go:730.22,732.3 1 0
github.com/kalenarndt/terraform-provider-graphql/graphql/resource_graphql_mutation.go:733.2,745.16 5 0
github.com/kalenarndt/terraform-provider-graphql/graphql/resource_graphql_mutation.go:745.16,748.3 2 0
github.com/kalenarndt/terraform-provider-graphql/graphql/resource_graphql_mutation.go:749.2,755.22 3 0
github.com/kalenarndt/terraform-provider-graphql/graphql/resource_graphql_mutation.go:755.22,757.3 1 0
github.com/kalenarndt/terraform-provider-graphql/graphql/resource_graphql_mutation.go:759.2,759.35 1 0
github.com/kalenarndt/terraform-provider-graphql/graphql/resource_graphql_mutation.go:759.35,760.47 1 0
github.com/kalenarndt/terraform-provider-graphql/graphql/resource_graphql_mutation.go:760.47,762.4 1 0
github.com/kalenarndt/terraform-provider-graphql/graphql/resource_graphql_mutation.go:763.3,763.20 1 0
github.com/kalenarndt/terraform-provider-graphql/graphql/resource_graphql_mutation.go:767.2,779.81 5 0
github.com/kalenarndt/terraform-provider-graphql/graphql/resource_graphql_mutation.go:779.81,782.23 3 0
github.com/kalenarndt/terraform-provider-graphql/graphql/resource_graphql_mutation.go:782.23,784.4 1 0
github.com/kalenarndt/terraform-provider-graphql/graphql/resource_graphql_mutation.go:785.3,785.30 1 0
github.com/kalenarndt/terraform-provider-graphql/graphql/resource_graphql_mutation.go:785.30,787.4 1 0
github.com/kalenarndt/terraform-provider-graphql/graphql/resource_graphql_mutation.go:790.2,794.86 2 0
github.com/kalenarndt/terraform-provider-graphql/graphql/resource_graphql_mutation.go:794.86,797.3 2 0
github.com/kalenarndt/terraform-provider-graphql/graphql/resource_graphql_mutation.go:799.2,799.24 1 0
github.com/kalenarndt/terraform-provider-graphql/graphql/resource_graphql_mutation.go:802.168,810.25 5 0
github.com/kalenarndt/terraform-provider-graphql/graphql/resource_graphql_mutation.go:810.25,816.3 3 0
github.com/kalenarndt/terraform-provider-graphql/graphql/resource_graphql_mutation.go:816.8,819.23 2 0
github.com/kalenarndt/terraform-provider-graphql/graphql/resource_graphql_mutation.go:819.23,821.4 1 0
github.com/kalenarndt/terraform-provider-graphql/graphql/resource_graphql_mutation.go:822.3,826.19 3 0
github.com/kalenarndt/terraform-provider-graphql/graphql/resource_graphql_mutation.go:830.2,833.34 2 0
github.com/kalenarndt/terraform-provider-graphql/graphql/resource_graphql_mutation.go:833.34,836.30 2 0
github.com/kalenarndt/terraform-provider-graphql/graphql/resource_graphql_mutation.go:836.30,838.4 1 0
github.com/kalenarndt/terraform-provider-graphql/graphql/resource_graphql_mutation.go:840.3,840.141 1 0
github.com/kalenarndt/terraform-provider-graphql/graphql/resource_graphql_mutation.go:840.141,847.32 3 0
github.com/kalenarndt/terraform-provider-graphql/graphql/resource_graphql_mutation.go:847.32,849.5 1 0
github.com/kalenarndt/terraform-provider-graphql/graphql/resource_graphql_mutation.go:851.4,856.120 2 0
github.com/kalenarndt/terraform-provider-graphql/graphql/resource_graphql_mutation.go:860.2,860.22 1 0
github.com/kalenarndt/terraform-provider-graphql/graphql/resource_graphql_mutation.go:860.22,862.3 1 0
github.com/kalenarndt/terraform-provider-graphql/graphql/resource_graphql_mutation.go:867.2,867.105 1 0
github.com/kalenarndt/terraform-provider-graphql/graphql/resource_graphql_mutation.go:867.105,870.3 1 0
github.com/kalenarndt/terraform-provider-graphql/graphql/resource_graphql_mutation.go:872.2,872.22 1 0
github.com/kalenarndt/terraform-provider-graphql/graphql/resource_graphql_mutation.go:875.158,880.22 3 0
github.com/kalenarndt/terraform-provider-graphql/graphql/resource_graphql_mutation.go:880.22,882.3 1 0
github.com/kalenarndt/terraform-provider-graphql/graphql/resource_graphql_mutation.go:884.2,885.25 2 0
github.com/kalenarndt/terraform-provider-graphql/graphql/resource_graphql_mutation.go:885.25,886.76 1 0
github.com/kalenarndt/terraform-provider-graphql/graphql/resource_graphql_mutation.go:886.76,889.4 2 0
github.com/kalenarndt/terraform-provider-graphql/graphql/resource_graphql_mutation.go:890.8,892.3 1 0
github.com/kalenarndt/terraform-provider-graphql/graphql/resource_graphql_mutation.go:895.2,896.70 2 0
github.com/kalenarndt/terraform-provider-graphql/graphql/resource_graphql_mutation.go:896.70,897.44 1 0
github.com/kalenarndt/terraform-provider-graphql/graphql/resource_graphql_mutation.go:897.44,898.54 1 0
github.com/kalenarndt/terraform-provider-graphql/graphql/resource_graphql_mutation.go:898.54,900.5 1 0
github.com/kalenarndt/terraform-provider-graphql/graphql/resource_graphql_mutation.go:905.2,905.14 1 0
github.com/kalenarndt/terraform-provider-graphql/graphql/resource_graphql_mutation.go:905.14,906.70 1 0
github.com/kalenarndt/terraform-provider-graphql/graphql/resource_graphql_mutation.go:906.70,909.4 2 0
github.com/kalenarndt/terraform-provider-graphql/graphql/resource_graphql_mutation.go:911.3,914.23 4 0
github.com/kalenarndt/terraform-provider-graphql/graphql/resource_graphql_mutation.go:914.23,916.4 1 0
github.com/kalenarndt/terraform-provider-graphql/graphql/resource_graphql_mutation.go:918.3,918.42 1 0
github.com/kalenarndt/terraform-provider-graphql/graphql/resource_graphql_mutation.go:918.42,920.4 1 0
github.com/kalenarndt/terraform-provider-graphql/graphql/resource_graphql_mutation.go:924.2,924.14 1 0
github.com/kalenarndt/terraform-provider-graphql/graphql/resource_graphql_mutation.go:924.14,925.48 1 0
github.com/kalenarndt/terraform-provider-graphql/graphql/resource_graphql_mutation.go:925.48,927.4 1 0
github.com/kalenarndt/terraform-provider-graphql/graphql/resource_graphql_mutation.go:930.2,930.14 1 0
github.com/kalenarndt/terraform-provider-graphql/graphql/resource_graphql_mutation.go:930.14,933.3 2 0
github.com/kalenarndt/terraform-provider-graphql/graphql/resource_graphql_mutation.go:936.2,936.51 1 0
github.com/kalenarndt/terraform-provider-graphql/graphql/resource_graphql_mutation.go:936.51,938.3 1 0
github.com/kalenarndt/terraform-provider-graphql/graphql/resource_graphql_mutation.go:939.2,939.70 1 0
github.com/kalenarndt/terraform-provider-graphql/graphql/resource_graphql_mutation.go:939.70,941.3 1 0
github.com/kalenarndt/terraform-provider-graphql/graphql/resource_graphql_mutation.go:941.8,945.3 1 0
github.com/kalenarndt/terraform-provider-graphql/graphql/resource_graphql_mutation.go:947.2,948.16 2 0
github.com/kalenarndt/terraform-provider-graphql/graphql/resource_graphql_mutation.go:948.16,951.3 2 0
github.com/kalenarndt/terraform-provider-graphql/graphql/resource_graphql_mutation.go:953.2,954.22 2 0
github.com/kalenarndt/terraform-provider-graphql/graphql/resource_graphql_mutation.go:954.22,956.3 1 0
github.com/kalenarndt/terraform-provider-graphql/graphql/resource_graphql_mutation.go:958.2,958.35 1 0
github.com/kalenarndt/terraform-provider-graphql/graphql/resource_graphql_mutation.go:958.35,959.47 1 0
github.com/kalenarndt/terraform-provider-graphql/graphql/resource_graphql_mutation.go:959.47,961.4 1 0
github.com/kalenarndt/terraform-provider-graphql/graphql/resource_graphql_mutation.go:962.3,962.15 1 0
github.com/kalenarndt/terraform-provider-graphql/graphql/resource_graphql_mutation.go:966.2,972.14 4 0
github.com/kalenarndt/terraform-provider-graphql/graphql/resource_graphql_mutation.go:975.153,981.22 4 0
github.com/kalenarndt/terraform-provider-graphql/graphql/resource_graphql_mutation.go:981.22,983.3 1 0
github.com/kalenarndt/terraform-provider-graphql/graphql/resource_graphql_mutation.go:984.2,984.23 1 0
github.com/kalenarndt/terraform-provider-graphql/graphql/resource_graphql_mutation.go:984.23,985.78 1 0
github.com/kalenarndt/terraform-provider-graphql/graphql/resource_graphql_mutation.go:985.78,988.4 2 0
github.com/kalenarndt/terraform-provider-graphql/graphql/resource_graphql_mutation.go:989.8,991.3 1 0
github.com/kalenarndt/terraform-provider-graphql/graphql/resource_graphql_mutation.go:994.2,995.35 2 0
github.com/kalenarndt/terraform-provider-graphql/graphql/resource_graphql_mutation.go:995.35,997.3 1 0
github.com/kalenarndt/terraform-provider-graphql/graphql/resource_graphql_mutation.go:1000.2,1000.71 1 0
github.com/kalenarndt/terraform-provider-graphql/graphql/resource_graphql_mutation.go:1000.71,1003.23 3 0
github.com/kalenarndt/terraform-provider-graphql/graphql/resource_graphql_mutation.go:1003.23,1005.4 1 0
github.com/kalenarndt/terraform-provider-graphql/graphql/resource_graphql_mutation.go:1006.3,1006.30 1 0
github.com/kalenarndt/terraform-provider-graphql/graphql/resource_graphql_mutation.go:1006.30,1008.4 1 0
github.com/kalenarndt/terraform-provider-graphql/graphql/resource_graphql_mutation.go:1012.2,1012.47 1 0
github.com/kalenarndt/terraform-provider-graphql/graphql/resource_graphql_mutation.go:1012.47,1014.3 1 0
github.com/kalenarndt/terraform-provider-graphql/graphql/resource_graphql_mutation.go:1017.2,1018.38 2 0
github.com/kalenarndt/terraform-provider-graphql/graphql/resource_graphql_mutation.go:1018.38,1019.32 1 0
github.com/kalenarndt/terraform-provider-graphql/graphql/resource_graphql_mutation.go:1019.32,1021.4 1 0
github.com/kalenarndt/terraform-provider-graphql/graphql/resource_graphql_mutation.go:1021.9,1023.18 2 0
github.com/kalenarndt/terraform-provider-graphql/graphql/resource_graphql_mutation.go:1023.18,1026.5 2 0
github.com/kalenarndt/terraform-provider-graphql/graphql/resource_graphql_mutation.go:1027.4,1027.57 1 0
github.com/kalenarndt/terraform-provider-graphql/graphql/resource_graphql_mutation.go:1030.2,1033.16 3 0
github.com/kalenarndt/terraform-provider-graphql/graphql/resource_graphql_mutation.go:1033.16,1036.3 2 0
github.com/kalenarndt/terraform-provider-graphql/graphql/resource_graphql_mutation.go:1039.2,1040.22 2 0
github.com/kalenarndt/terraform-provider-graphql/graphql/resource_graphql_mutation.go:1040.22,1042.30 1 0
github.com/kalenarndt/terraform-provider-graphql/graphql/resource_graphql_mutation.go:1042.30,1052.54 2 0
github.com/kalenarndt/terraform-provider-graphql/graphql/resource_graphql_mutation.go:1052.54,1058.5 3 0
github.com/kalenarndt/terraform-provider-graphql/graphql/resource_graphql_mutation.go:1060.3,1060.15 1 0
github.com/kalenarndt/terraform-provider-graphql/graphql/resource_graphql_mutation.go:1063.2,1063.35 1 0
github.com/kalenarndt/terraform-provider-graphql/graphql/resource_graphql_mutation.go:1063.35,1066.47 2 0
github.com/kalenarndt/terraform-provider-graphql/graphql/resource_graphql_mutation.go:1066.47,1079.57 3 0
github.com/kalenarndt/terraform-provider-graphql/graphql/resource_graphql_mutation.go:1079.57,1081.10 2 0
github.com/kalenarndt/terraform-provider-graphql/graphql/resource_graphql_mutation.go:1085.3,1085.23 1 0
github.com/kalenarndt/terraform-provider-graphql/graphql/resource_graphql_mutation.go:1085.23,1089.4 3 0
github.com/kalenarndt/terraform-provider-graphql/graphql/resource_graphql_mutation.go:1091.3,1092.15 2 0
github.com/kalenarndt/terraform-provider-graphql/graphql/resource_graphql_mutation.go:1096.2,1096.76 1 0
github.com/kalenarndt/terraform-provider-graphql/graphql/resource_graphql_mutation.go:1096.76,1098.35 2 0
github.com/kalenarndt/terraform-provider-graphql/graphql/resource_graphql_mutation.go:1098.35,1099.20 1 0
github.com/kalenarndt/terraform-provider-graphql/graphql/resource_graphql_mutation.go:1099.20,1103.5 1 0
github.com/kalenarndt/terraform-provider-graphql/graphql/resource_graphql_mutation.go:1103.10,1105.72 1 0
github.com/kalenarndt/terraform-provider-graphql/graphql/resource_graphql_mutation.go:1105.72,1109.6 1 0
github.com/kalenarndt/terraform-provider-graphql/graphql/resource_graphql_mutation.go:1109.11,1109.84 1 0
github.com/kalenarndt/terraform-provider-graphql/graphql/resource_graphql_mutation.go:1109.84,1113.6 1 0
github.com/kalenarndt/terraform-provider-graphql/graphql/resource_graphql_mutation.go:1113.11,1115.6 1 0
github.com/kalenarndt/terraform-provider-graphql/graphql/resource_graphql_mutation.go:1119.3,1119.20 1 0
github.com/kalenarndt/terraform-provider-graphql/graphql/resource_graphql_mutation.go:1119.20,1123.4 3 0
github.com/kalenarndt/terraform-provider-graphql/graphql/resource_graphql_mutation.go:1127.2,1127.63 1 0
github.com/kalenarndt/terraform-provider-graphql/graphql/resource_graphql_mutation.go:1127.63,1131.3 3 0
github.com/kalenarndt/terraform-provider-graphql/graphql/resource_graphql_mutation.go:1134.2,1137.76 2 0
github.com/kalenarndt/terraform-provider-graphql/graphql/resource_graphql_mutation.go:1137.76,1141.3 1 0
github.com/kalenarndt/terraform-provider-graphql/graphql/resource_graphql_mutation.go:1144.2,1148.81 3 0
github.com/kalenarndt/terraform-provider-graphql/graphql/resource_graphql_mutation.go:1148.81,1151.23 3 0
github.com/kalenarndt/terraform-provider-graphql/graphql/resource_graphql_mutation.go:1151.23,1153.4 1 0
github.com/kalenarndt/terraform-provider-graphql/graphql/resource_graphql_mutation.go:1154.3,1154.30 1 0
github.com/kalenarndt/terraform-provider-graphql/graphql/resource_graphql_mutation.go:1154.30,1156.4 1 0
github.com/kalenarndt/terraform-provider-graphql/graphql/resource_graphql_mutation.go:1160.2,1160.73 1 0
github.com/kalenarndt/terraform-provider-graphql/graphql/resource_graphql_mutation.go:1160.73,1164.23 4 0
github.com/kalenarndt/terraform-provider-graphql/graphql/resource_graphql_mutation.go:1164.23,1166.4 1 0
github.com/kalenarndt/terraform-provider-graphql/graphql/resource_graphql_mutation.go:1167.3,1168.30 2 0
github.com/kalenarndt/terraform-provider-graphql/graphql/resource_graphql_mutation.go:1168.30,1170.4 1 0
github.com/kalenarndt/terraform-provider-graphql/graphql/resource_graphql_mutation.go:1171.8,1171.45 1 0
github.com/kalenarndt/terraform-provider-graphql/graphql/resource_graphql_mutation.go:1171.45,1174.17 3 0
github.com/kalenarndt/terraform-provider-graphql/graphql/resource_graphql_mutation.go:1174.17,1178.4 1 0
github.com/kalenarndt/terraform-provider-graphql/graphql/resource_graphql_mutation.go:1178.9,1178.40 1 0
github.com/kalenarndt/terraform-provider-graphql/graphql/resource_graphql_mutation.go:1178.40,1180.4 1 0
github.com/kalenarndt/terraform-provider-graphql/graphql/resource_graphql_mutation.go:1184.2,1184.86 1 0
github.com/kalenarndt/terraform-provider-graphql/graphql/resource_graphql_mutation.go:1184.86,1190.42 2 0
github.com/kalenarndt/terraform-provider-graphql/graphql/resource_graphql_mutation.go:1190.42,1196.4 3 0
github.com/kalenarndt/terraform-provider-graphql/graphql/resource_graphql_mutation.go:1197.3,1198.15 2 0
github.com/kalenarndt/terraform-provider-graphql/graphql/resource_graphql_mutation.go:1202.2,1202.71 1 0
github.com/kalenarndt/terraform-provider-graphql/graphql/resource_graphql_mutation.go:1202.71,1205.23 3 0
github.com/kalenarndt/terraform-provider-graphql/graphql/resource_graphql_mutation.go:1205.23,1207.4 1 0
github.com/kalenarndt/terraform-provider-graphql/graphql/resource_graphql_mutation.go:1210.3,1210.25 1 0
github.com/kalenarndt/terraform-provider-graphql/graphql/resource_graphql_mutation.go:1210.25,1214.4 3 0
github.com/kalenarndt/terraform-provider-graphql/graphql/resource_graphql_mutation.go:1217.3,1218.34 2 0
github.com/kalenarndt/terraform-provider-graphql/graphql/resource_graphql_mutation.go:1218.34,1219.33 1 0
github.com/kalenarndt/terraform-provider-graphql/graphql/resource_graphql_mutation.go:1219.33,1221.10 2 0
github.com/kalenarndt/terraform-provider-graphql/graphql/resource_graphql_mutation.go:1224.3,1224.15 1 0
github.com/kalenarndt/terraform-provider-graphql/graphql/resource_graphql_mutation.go:1224.15,1228.4 3 0
github.com/kalenarndt/terraform-provider-graphql/graphql/resource_graphql_mutation.go:1232.2,1232.71 1 0
github.com/kalenarndt/terraform-provider-graphql/graphql/resource_graphql_mutation.go:1232.71,1235.23 3 0
github.com/kalenarndt/terraform-provider-graphql/graphql/resource_graphql_mutation.go:1235.23,1237.4 1 0
github.com/kalenarndt/terraform-provider-graphql/graphql/resource_graphql_mutation.go:1240.3,1240.40 1 0
github.com/kalenarndt/terraform-provider-graphql/graphql/resource_graphql_mutation.go:1240.40,1242.4 1 0
github.com/kalenarndt/terraform-provider-graphql/graphql/resource_graphql_mutation.go:1242.9,1246.4 2 0
github.com/kalenarndt/terraform-provider-graphql/graphql/resource_graphql_mutation.go:1247.8,1251.3 2 0
github.com/kalenarndt/terraform-provider-graphql/graphql/resource_graphql_mutation.go:1254.2,1270.14 6 0
github.com/kalenarndt/terraform-provider-graphql/graphql/resource_graphql_mutation.go:1273.210,1276.24 3 0
github.com/kalenarndt/terraform-provider-graphql/graphql/resource_graphql_mutation.go:1276.24,1277.74 1 0
github.com/kalenarndt/terraform-provider-graphql/graphql/resource_graphql_mutation.go:1277.74,1280.4 2 0
github.com/kalenarndt/terraform-provider-graphql/graphql/resource_graphql_mutation.go:1284.2,1284.79 1 0
github.com/kalenarndt/terraform-provider-graphql/graphql/resource_graphql_mutation.go:1287.157,1289.16 2 0
github.com/kalenarndt/terraform-provider-graphql/graphql/resource_graphql_mutation.go:1289.16,1291.3 1 0
github.com/kalenarndt/terraform-provider-graphql/graphql/resource_graphql_mutation.go:1294.2,1295.25 2 0
github.com/kalenarndt/terraform-provider-graphql/graphql/resource_graphql_mutation.go:1295.25,1297.3 1 0
github.com/kalenarndt/terraform-provider-graphql/graphql/resource_graphql_mutation.go:1298.2,1299.12 2 0
github.com/kalenarndt/terraform-provider-graphql/graphql/resource_graphql_mutation.go:1302.147,1307.71 3 0
github.com/kalenarndt/terraform-provider-graphql/graphql/resource_graphql_mutation.go:1307.71,1309.23 2 0
github.com/kalenarndt/terraform-provider-graphql/graphql/resource_graphql_mutation.go:1309.23,1311.4 1 0
github.com/kalenarndt/terraform-provider-graphql/graphql/resource_graphql_mutation.go:1314.2,1324.77 4 0
github.com/kalenarndt/terraform-provider-graphql/graphql/resource_graphql_mutation.go:1324.77,1326.23 2 0
github.com/kalenarndt/terraform-provider-graphql/graphql/resource_graphql_mutation.go:1326.23,1328.4 1 0
github.com/kalenarndt/terraform-provider-graphql/graphql/resource_graphql_mutation.go:1329.3,1329.23 1 0
github.com/kalenarndt/terraform-provider-graphql/graphql/resource_graphql_mutation.go:1329.23,1330.83 1 0
github.com/kalenarndt/terraform-provider-graphql/graphql/resource_graphql_mutation.go:1330.83,1332.5 1 0
github.com/kalenarndt/terraform-provider-graphql/graphql/resource_graphql_mutation.go:1336.2,1341.79 2 0
github.com/kalenarndt/terraform-provider-graphql/graphql/resource_graphql_mutation.go:1341.79,1342.49 1 0
github.com/kalenarndt/terraform-provider-graphql/graphql/resource_graphql_mutation.go:1342.49,1347.18 3 0
github.com/kalenarndt/terraform-provider-graphql/graphql/resource_graphql_mutation.go:1347.18,1349.5 1 0
github.com/kalenarndt/terraform-provider-graphql/graphql/resource_graphql_mutation.go:1350.4,1351.14 2 0
github.com/kalenarndt/terraform-provider-graphql/graphql/resource_graphql_mutation.go:1357.2,1357.79 1 0
github.com/kalenarndt/terraform-provider-graphql/graphql/resource_graphql_mutation.go:1357.79,1359.40 1 0
github.com/kalenarndt/terraform-provider-graphql/graphql/resource_graphql_mutation.go:1359.40,1362.18 3 0
github.com/kalenarndt/terraform-provider-graphql/graphql/resource_graphql_mutation.go:1362.18,1364.5 1 0
github.com/kalenarndt/terraform-provider-graphql/graphql/resource_graphql_mutation.go:1365.4,1366.14 2 0
github.com/kalenarndt/terraform-provider-graphql/graphql/resource_graphql_mutation.go:1371.2,1371.103 1 0
github.com/kalenarndt/terraform-provider-graphql/graphql/resource_graphql_mutation.go:1371.103,1378.80 3 0
github.com/kalenarndt/terraform-provider-graphql/graphql/resource_graphql_mutation.go:1378.80,1380.4 1 0
github.com/kalenarndt/terraform-provider-graphql/graphql/resource_graphql_mutation.go:1380.9,1382.4 1 0
github.com/kalenarndt/terraform-provider-graphql/graphql/resource_graphql_mutation.go:1385.3,1386.70 2 0
github.com/kalenarndt/terraform-provider-graphql/graphql/resource_graphql_mutation.go:1386.70,1388.30 2 0
github.com/kalenarndt/terraform-provider-graphql/graphql/resource_graphql_mutation.go:1388.30,1390.84 2 0
github.com/kalenarndt/terraform-provider-graphql/graphql/resource_graphql_mutation.go:1390.84,1394.6 1 0
github.com/kalenarndt/terraform-provider-graphql/graphql/resource_graphql_mutation.go:1394.11,1400.6 2 0
github.com/kalenarndt/terraform-provider-graphql/graphql/resource_graphql_mutation.go:1405.3,1417.45 4 0
github.com/kalenarndt/terraform-provider-graphql/graphql/resource_graphql_mutation.go:1417.45,1428.18 3 0
github.com/kalenarndt/terraform-provider-graphql/graphql/resource_graphql_mutation.go:1428.18,1430.5 1 0
github.com/kalenarndt/terraform-provider-graphql/graphql/resource_graphql_mutation.go:1432.4,1435.6 2 0
github.com/kalenarndt/terraform-provider-graphql/graphql/resource_graphql_mutation.go:1436.9,1446.42 2 0
github.com/kalenarndt/terraform-provider-graphql/graphql/resource_graphql_mutation.go:1446.42,1447.21 1 0
github.com/kalenarndt/terraform-provider-graphql/graphql/resource_graphql_mutation.go:1447.21,1449.6 1 0
github.com/kalenarndt/terraform-provider-graphql/graphql/resource_graphql_mutation.go:1452.4,1453.18 2 0
github.com/kalenarndt/terraform-provider-graphql/graphql/resource_graphql_mutation.go:1453.18,1455.5 1 0
github.com/kalenarndt/terraform-provider-graphql/graphql/resource_graphql_mutation.go:1457.4,1460.6 2 0
github.com/kalenarndt/terraform-provider-graphql/graphql/resource_graphql_mutation.go:1462.8,1470.17 3 0
github.com/kalenarndt/terraform-provider-graphql/graphql/resource_graphql_mutation.go:1470.17,1472.4 1 0
github.com/kalenarndt/terraform-provider-graphql/graphql/resource_graphql_mutation.go:1473.3,1473.85 1 0
github.com/kalenarndt/terraform-provider-graphql/graphql/resource_graphql_mutation.go:1476.2,1476.12 1 0
github.com/kalenarndt/terraform-provider-graphql/graphql/resource_graphql_mutation.go:1480.154,1483.2 2 0
github.com/kalenarndt/terraform-provider-graphql/graphql/resource_graphql_mutation.go:1486.138,1499.76 5 0
github.com/kalenarndt/terraform-provider-graphql/graphql/resource_graphql_mutation.go:1499.76,1505.3 2 0
github.com/kalenarndt/terraform-provider-graphql/graphql/resource_graphql_mutation.go:1508.2,1508.47 1 0
github.com/kalenarndt/terraform-provider-graphql/graphql/resource_graphql_mutation.go:1508.47,1509.26 1 0
github.com/kalenarndt/terraform-provider-graphql/graphql/resource_graphql_mutation.go:1509.26,1510.12 1 0
github.com/kalenarndt/terraform-provider-graphql/graphql/resource_graphql_mutation.go:1513.3,1514.14 2 0
github.com/kalenarndt/terraform-provider-graphql/graphql/resource_graphql_mutation.go:1514.14,1521.12 3 0
github.com/kalenarndt/terraform-provider-graphql/graphql/resource_graphql_mutation.go:1525.3,1525.58 1 0
github.com/kalenarndt/terraform-provider-graphql/graphql/resource_graphql_mutation.go:1525.58,1532.4 2 0
github.com/kalenarndt/terraform-provider-graphql/graphql/resource_graphql_mutation.go:1532.9,1536.4 1 0
github.com/kalenarndt/terraform-provider-graphql/graphql/resource_graphql_mutation.go:1543.2,1543.22 1 0
github.com/kalenarndt/terraform-provider-graphql/graphql/resource_graphql_mutation.go:1547.117,1558.2 3 0
github.com/kalenarndt/terraform-provider-graphql/graphql/resource_graphql_mutation.go:1561.135,1563.2 1 0
github.com/kalenarndt/terraform-provider-graphql/graphql/resource_graphql_mutation.go:1577.93,1587.2 9 0
github.com/kalenarndt/terraform-provider-graphql/internal/utils/json_utils.go:17.52,19.19 2 1
github.com/kalenarndt/terraform-provider-graphql/internal/utils/json_utils.go:19.19,21.3 1 1
github.com/kalenarndt/terraform-provider-graphql/internal/utils/json_utils.go:22.2,22.13 1 1
github.com/kalenarndt/terraform-provider-graphql/internal/utils/json_utils.go:26.65,27.19 1 1
github.com/kalenarndt/terraform-provider-graphql/internal/utils/json_utils.go:27.19,29.3 1 1
github.com/kalenarndt/terraform-provider-graphql/internal/utils/json_utils.go:31.2,32.63 2 1
github.com/kalenarndt/terraform-provider-graphql/internal/utils/json_utils.go:32.63,34.3 1 1
github.com/kalenarndt/terraform-provider-graphql/internal/utils/json_utils.go:36.2,37.16 2 1
github.com/kalenarndt/terraform-provider-graphql/internal/utils/json_utils.go:37.16,39.3 1 0
github.com/kalenarndt/terraform-provider-graphql/internal/utils/json_utils.go:41.2,41.32 1 1
github.com/kalenarndt/terraform-provider-graphql/internal/utils/json_utils.go:45.51,46.32 1 1
github.com/kalenarndt/terraform-provider-graphql/internal/utils/json_utils.go:46.32,48.3 1 1
github.com/kalenarndt/terraform-provider-graphql/internal/utils/json_utils.go:49.2,49.32 1 1
github.com/kalenarndt/terraform-provider-graphql/internal/utils/json_utils.go:49.32,51.3 1 1
github.com/kalenarndt/terraform-provider-graphql/internal/utils/json_utils.go:53.2,54.16 2 1
github.com/kalenarndt/terraform-provider-graphql/internal/utils/json_utils.go:54.16,56.3 1 0
github.com/kalenarndt/terraform-provider-graphql/internal/utils/json_utils.go:58.2,59.16 2 1
github.com/kalenarndt/terraform-provider-graphql/internal/utils/json_utils.go:59.16,61.3 1 0
github.com/kalenarndt/terraform-provider-graphql/internal/utils/json_utils.go:63.2,63.40 1 1
github.com/kalenarndt/terraform-provider-graphql/internal/utils/json_utils.go:67.90,68.47 1 1
github.com/kalenarndt/terraform-provider-graphql/internal/utils/json_utils.go:68.47,70.3 1 0
github.com/kalenarndt/terraform-provider-graphql/internal/utils/json_utils.go:73.2,76.35 3 1
github.com/kalenarndt/terraform-provider-graphql/internal/utils/json_utils.go:76.35,78.28 1 1
github.com/kalenarndt/terraform-provider-graphql/internal/utils/json_utils.go:79.21,80.34 1 1
github.com/kalenarndt/terraform-provider-graphql/internal/utils/json_utils.go:81.21,82.36 1 0
github.com/kalenarndt/terraform-provider-graphql/internal/utils/json_utils.go:83.19,84.32 1 0
github.com/kalenarndt/terraform-provider-graphql/internal/utils/json_utils.go:85.11,88.24 2 0
github.com/kalenarndt/terraform-provider-graphql/internal/utils/json_utils.go:88.24,90.5 1 0
github.com/kalenarndt/terraform-provider-graphql/internal/utils/json_utils.go:91.4,91.28 1 0
github.com/kalenarndt/terraform-provider-graphql/internal/utils/json_utils.go:95.2,96.16 2 1
github.com/kalenarndt/terraform-provider-graphql/internal/utils/json_utils.go:96.16,100.3 3 0
github.com/kalenarndt/terraform-provider-graphql/internal/utils/json_utils.go:102.2,102.31 1 1
github.com/kalenarndt/terraform-provider-graphql/internal/utils/json_utils.go:106.94,107.33 1 0
github.com/kalenarndt/terraform-provider-graphql/internal/utils/json_utils.go:107.33,109.3 1 0
github.com/kalenarndt/terraform-provider-graphql/internal/utils/json_utils.go:111.2,111.25 1 0
github.com/kalenarndt/terraform-provider-graphql/internal/utils/json_utils.go:112.20,113.32 1 0
github.com/kalenarndt/terraform-provider-graphql/internal/utils/json_utils.go:114.20,115.34 1 0
github.com/kalenarndt/terraform-provider-graphql/internal/utils/json_utils.go:116.18,117.30 1 0
github.com/kalenarndt/terraform-provider-graphql/internal/utils/json_utils.go:118.18,121.33 3 0
github.com/kalenarndt/terraform-provider-graphql/internal/utils/json_utils.go:121.33,123.40 2 0
github.com/kalenarndt/terraform-provider-graphql/internal/utils/json_utils.go:123.40,125.5 1 0
github.com/kalenarndt/terraform-provider-graphql/internal/utils/json_utils.go:126.4,126.38 1 0
github.com/kalenarndt/terraform-provider-graphql/internal/utils/json_utils.go:128.3,128.21 1 0
github.com/kalenarndt/terraform-provider-graphql/internal/utils/json_utils.go:129.17,132.32 3 0
github.com/kalenarndt/terraform-provider-graphql/internal/utils/json_utils.go:132.32,134.40 2 0
github.com/kalenarndt/terraform-provider-graphql/internal/utils/json_utils.go:134.40,136.5 1 0
github.com/kalenarndt/terraform-provider-graphql/internal/utils/json_utils.go:137.4,137.38 1 0
github.com/kalenarndt/terraform-provider-graphql/internal/utils/json_utils.go:139.3,139.21 1 0
github.com/kalenarndt/terraform-provider-graphql/internal/utils/json_utils.go:140.17,143.32 3 0
github.com/kalenarndt/terraform-provider-graphql/internal/utils/json_utils.go:143.32,145.40 2 0
github.com/kalenarndt/terraform-provider-graphql/internal/utils/json_utils.go:145.40,147.5 1 0
github.com/kalenarndt/terraform-provider-graphql/internal/utils/json_utils.go:148.4,148.25 1 0
github.com/kalenarndt/terraform-provider-graphql/internal/utils/json_utils.go:150.3,150.21 1 0
github.com/kalenarndt/terraform-provider-graphql/internal/utils/json_utils.go:151.20,154.32 3 0
github.com/kalenarndt/terraform-provider-graphql/internal/utils/json_utils.go:154.32,156.40 2 0
github.com/kalenarndt/terraform-provider-graphql/internal/utils/json_utils.go:156.40,158.5 1 0
github.com/kalenarndt/terraform-provider-graphql/internal/utils/json_utils.go:159.4,159.25 1 0
github.com/kalenarndt/terraform-provider-graphql/internal/utils/json_utils.go:161.3,161.21 1 0
github.com/kalenarndt/terraform-provider-graphql/internal/utils/json_utils.go:162.28,165.34 3 0
github.com/kalenarndt/terraform-provider-graphql/internal/utils/json_utils.go:165.34,167.40 2 0
github.com/kalenarndt/terraform-provider-graphql/internal/utils/json_utils.go:167.40,169.5 1 0
github.com/kalenarndt/terraform-provider-graphql/internal/utils/json_utils.go:170.4,170.38 1 0
github.com/kalenarndt/terraform-provider-graphql/internal/utils/json_utils.go:172.3,172.21 1 0
github.com/kalenarndt/terraform-provider-graphql/internal/utils/json_utils.go:173.10,175.18 1 0
github.com/kalenarndt/terraform-provider-graphql/internal/utils/json_utils.go:180.102,181.55 1 0
github.com/kalenarndt/terraform-provider-graphql/internal/utils/json_utils.go:181.55,183.3 1 0
github.com/kalenarndt/terraform-provider-graphql/internal/utils/json_utils.go:185.2,186.28 2 0
github.com/kalenarndt/terraform-provider-graphql/internal/utils/json_utils.go:186.28,188.3 1 0
github.com/kalenarndt/terraform-provider-graphql/internal/utils/json_utils.go:190.2,191.38 2 0
github.com/kalenarndt/terraform-provider-graphql/internal/utils/json_utils.go:191.38,193.3 1 0
github.com/kalenarndt/terraform-provider-graphql/internal/utils/json_utils.go:195.2,196.16 2 0
github.com/kalenarndt/terraform-provider-graphql/internal/utils/json_utils.go:196.16,200.3 3 0
github.com/kalenarndt/terraform-provider-graphql/internal/utils/json_utils.go:202.2,202.31 1 0
github.com/kalenarndt/terraform-provider-graphql/internal/utils/json_utils.go:206.106,208.61 2 1
github.com/kalenarndt/terraform-provider-graphql/internal/utils/json_utils.go:208.61,210.3 1 1
github.com/kalenarndt/terraform-provider-graphql/internal/utils/json_utils.go:212.2,213.9 2 1
github.com/kalenarndt/terraform-provider-graphql/internal/utils/json_utils.go:213.9,215.3 1 1
github.com/kalenarndt/terraform-provider-graphql/internal/utils/json_utils.go:217.2,219.27 3 1
github.com/kalenarndt/terraform-provider-graphql/internal/utils/json_utils.go:223.108,224.26 1 1
github.com/kalenarndt/terraform-provider-graphql/internal/utils/json_utils.go:225.30,226.27 1 1
github.com/kalenarndt/terraform-provider-graphql/internal/utils/json_utils.go:226.27,228.20 2 1
github.com/kalenarndt/terraform-provider-graphql/internal/utils/json_utils.go:228.20,230.5 1 0
github.com/kalenarndt/terraform-provider-graphql/internal/utils/json_utils.go:231.4,231.49 1 1
github.com/kalenarndt/terraform-provider-graphql/internal/utils/json_utils.go:233.21,234.25 1 0
github.com/kalenarndt/terraform-provider-graphql/internal/utils/json_utils.go:234.25,237.4 2 0
github.com/kalenarndt/terraform-provider-graphql/internal/utils/json_utils.go:238.10,241.44 3 1
github.com/kalenarndt/terraform-provider-graphql/internal/utils/json_utils.go:241.44,244.4 2 1
github.com/kalenarndt/terraform-provider-graphql/internal/utils/json_utils.go:249.53,253.29 3 0
github.com/kalenarndt/terraform-provider-graphql/internal/utils/json_utils.go:253.29,255.127 2 0
github.com/kalenarndt/terraform-provider-graphql/internal/utils/json_utils.go:255.127,260.18 3 0
github.com/kalenarndt/terraform-provider-graphql/internal/utils/json_utils.go:260.18,262.5 1 0
github.com/kalenarndt/terraform-provider-graphql/internal/utils/json_utils.go:266.2,266.15 1 0
github.com/kalenarndt/terraform-provider-graphql/internal/utils/json_utils.go:270.57,271.18 1 1
github.com/kalenarndt/terraform-provider-graphql/internal/utils/json_utils.go:271.18,273.3 1 0
github.com/kalenarndt/terraform-provider-graphql/internal/utils/json_utils.go:275.2,276.26 2 1
github.com/kalenarndt/terraform-provider-graphql/internal/utils/json_utils.go:276.26,278.3 1 1
github.com/kalenarndt/terraform-provider-graphql/internal/utils/json_utils.go:280.2,280.37 1 1
github.com/kalenarndt/terraform-provider-graphql/internal/utils/response_extraction.go:16.150,22.68 2 0
github.com/kalenarndt/terraform-provider-graphql/internal/utils/response_extraction.go:22.68,28.32 2 0
github.com/kalenarndt/terraform-provider-graphql/internal/utils/response_extraction.go:28.32,29.62 1 0
github.com/kalenarndt/terraform-provider-graphql/internal/utils/response_extraction.go:29.62,31.93 1 0
github.com/kalenarndt/terraform-provider-graphql/internal/utils/response_extraction.go:31.93,37.64 2 0
github.com/kalenarndt/terraform-provider-graphql/internal/utils/response_extraction.go:37.64,50.7 4 0
github.com/kalenarndt/terraform-provider-graphql/internal/utils/response_extraction.go:56.3,60.32 4 0
github.com/kalenarndt/terraform-provider-graphql/internal/utils/response_extraction.go:60.32,61.62 1 0
github.com/kalenarndt/terraform-provider-graphql/internal/utils/response_extraction.go:61.62,68.26 3 0
github.com/kalenarndt/terraform-provider-graphql/internal/utils/response_extraction.go:68.26,72.6 3 0
github.com/kalenarndt/terraform-provider-graphql/internal/utils/response_extraction.go:76.3,76.20 1 0
github.com/kalenarndt/terraform-provider-graphql/internal/utils/response_extraction.go:76.20,87.4 3 0
github.com/kalenarndt/terraform-provider-graphql/internal/utils/response_extraction.go:91.2,92.22 2 0
github.com/kalenarndt/terraform-provider-graphql/internal/utils/response_extraction.go:97.87,101.31 2 0
github.com/kalenarndt/terraform-provider-graphql/internal/utils/response_extraction.go:101.31,102.14 1 0
github.com/kalenarndt/terraform-provider-graphql/internal/utils/response_extraction.go:103.13,104.50 1 0
github.com/kalenarndt/terraform-provider-graphql/internal/utils/response_extraction.go:104.50,106.5 1 0
github.com/kalenarndt/terraform-provider-graphql/internal/utils/response_extraction.go:107.15,108.50 1 0
github.com/kalenarndt/terraform-provider-graphql/internal/utils/response_extraction.go:108.50,110.5 1 0
github.com/kalenarndt/terraform-provider-graphql/internal/utils/response_extraction.go:111.18,112.33 1 0
github.com/kalenarndt/terraform-provider-graphql/internal/utils/response_extraction.go:112.33,114.5 1 0
github.com/kalenarndt/terraform-provider-graphql/internal/utils/response_extraction.go:115.17,116.50 1 0
github.com/kalenarndt/terraform-provider-graphql/internal/utils/response_extraction.go:116.50,118.5 1 0
github.com/kalenarndt/terraform-provider-graphql/internal/utils/response_extraction.go:119.15,120.50 1 0
github.com/kalenarndt/terraform-provider-graphql/internal/utils/response_extraction.go:120.50,122.5 1 0
github.com/kalenarndt/terraform-provider-graphql/internal/utils/response_extraction.go:123.17,124.51 1 0
github.com/kalenarndt/terraform-provider-graphql/internal/utils/response_extraction.go:124.51,126.5 1 0
github.com/kalenarndt/terraform-provider-graphql/internal/utils/response_extraction.go:127.21,128.51 1 0
github.com/kalenarndt/terraform-provider-graphql/internal/utils/response_extraction.go:128.51,130.5 1 0
github.com/kalenarndt/terraform-provider-graphql/internal/utils/response_extraction.go:131.22,132.51 1 0
github.com/kalenarndt/terraform-provider-graphql/internal/utils/response_extraction.go:132.51,134.5 1 0
github.com/kalenarndt/terraform-provider-graphql/internal/utils/response_extraction.go:135.11,137.29 1 0
github.com/kalenarndt/terraform-provider-graphql/internal/utils/response_extraction.go:138.16,139.16 1 0
github.com/kalenarndt/terraform-provider-graphql/internal/utils/response_extraction.go:139.16,141.6 1 0
github.com/kalenarndt/terraform-provider-graphql/internal/utils/response_extraction.go:142.14,143.15 1 0
github.com/kalenarndt/terraform-provider-graphql/internal/utils/response_extraction.go:144.32,145.15 1 0
github.com/kalenarndt/terraform-provider-graphql/internal/utils/response_extraction.go:146.23,147.15 1 0
github.com/kalenarndt/terraform-provider-graphql/internal/utils/response_extraction.go:153.2,153.19 1 0
github.com/kalenarndt/terraform-provider-graphql/internal/utils/response_extraction.go:153.19,155.3 1 0
github.com/kalenarndt/terraform-provider-graphql/internal/utils/response_extraction.go:157.2,157.14 1 0
github.com/kalenarndt/terraform-provider-graphql/internal/utils/response_extraction.go:161.81,163.39 2 0
github.com/kalenarndt/terraform-provider-graphql/internal/utils/response_extraction.go:163.39,165.3 1 0
github.com/kalenarndt/terraform-provider-graphql/internal/utils/response_extraction.go:169.80,171.24 2 0
github.com/kalenarndt/terraform-provider-graphql/internal/utils/response_extraction.go:171.24,173.3 1 0
github.com/kalenarndt/terraform-provider-graphql/internal/utils/response_extraction.go:174.2,174.13 1 0
github.com/kalenarndt/terraform-provider-graphql/internal/utils/response_extraction.go:178.115,182.29 3 0
github.com/kalenarndt/terraform-provider-graphql/internal/utils/response_extraction.go:182.29,183.24 1 0
github.com/kalenarndt/terraform-provider-graphql/internal/utils/response_extraction.go:183.24,185.46 1 0
github.com/kalenarndt/terraform-provider-graphql/internal/utils/response_extraction.go:185.46,187.5 1 0
github.com/kalenarndt/terraform-provider-graphql/internal/utils/response_extraction.go:188.4,188.54 1 0
github.com/kalenarndt/terraform-provider-graphql/internal/utils/response_extraction.go:192.3,192.61 1 0
github.com/kalenarndt/terraform-provider-graphql/internal/utils/response_extraction.go:192.61,194.4 1 0
github.com/kalenarndt/terraform-provider-graphql/internal/utils/response_extraction.go:194.9,196.4 1 0
github.com/kalenarndt/terraform-provider-graphql/internal/utils/response_extraction.go:199.2,199.52 1 0
github.com/kalenarndt/terraform-provider-graphql/internal/utils/response_extraction.go:203.85,209.31 4 0
github.com/kalenarndt/terraform-provider-graphql/internal/utils/response_extraction.go:209.31,210.14 1 0
github.com/kalenarndt/terraform-provider-graphql/internal/utils/response_extraction.go:211.13,212.50 1 0
github.com/kalenarndt/terraform-provider-graphql/internal/utils/response_extraction.go:212.50,214.5 1 0
github.com/kalenarndt/terraform-provider-graphql/internal/utils/response_extraction.go:215.15,216.50 1 0
github.com/kalenarndt/terraform-provider-graphql/internal/utils/response_extraction.go:216.50,218.5 1 0
github.com/kalenarndt/terraform-provider-graphql/internal/utils/response_extraction.go:219.15,220.50 1 0
github.com/kalenarndt/terraform-provider-graphql/internal/utils/response_extraction.go:220.50,222.5 1 0
github.com/kalenarndt/terraform-provider-graphql/internal/utils/response_extraction.go:227.2,227.36 1 0
github.com/kalenarndt/terraform-provider-graphql/internal/utils/state_comparison.go:15.44,17.2 1 0
github.com/kalenarndt/terraform-provider-graphql/internal/utils/state_comparison.go:21.140,32.28 3 0
github.com/kalenarndt/terraform-provider-graphql/internal/utils/state_comparison.go:32.28,35.3 2 0
github.com/kalenarndt/terraform-provider-graphql/internal/utils/state_comparison.go:38.2,39.25 2 0
github.com/kalenarndt/terraform-provider-graphql/internal/utils/state_comparison.go:39.25,42.3 2 0
github.com/kalenarndt/terraform-provider-graphql/internal/utils/state_comparison.go:45.2,46.55 2 0
github.com/kalenarndt/terraform-provider-graphql/internal/utils/state_comparison.go:46.55,49.14 2 0
github.com/kalenarndt/terraform-provider-graphql/internal/utils/state_comparison.go:49.14,55.12 3 0
github.com/kalenarndt/terraform-provider-graphql/internal/utils/state_comparison.go:59.3,59.50 1 0
github.com/kalenarndt/terraform-provider-graphql/internal/utils/state_comparison.go:59.50,66.4 2 0
github.com/kalenarndt/terraform-provider-graphql/internal/utils/state_comparison.go:69.2,74.19 2 0
github.com/kalenarndt/terraform-provider-graphql/internal/utils/state_comparison.go:78.75,80.38 1 0
github.com/kalenarndt/terraform-provider-graphql/internal/utils/state_comparison.go:80.38,82.3 1 0
github.com/kalenarndt/terraform-provider-graphql/internal/utils/state_comparison.go:83.2,83.38 1 0
github.com/kalenarndt/terraform-provider-graphql/internal/utils/state_comparison.go:83.38,85.3 1 0
github.com/kalenarndt/terraform-provider-graphql/internal/utils/state_comparison.go:89.2,89.82 1 0
github.com/kalenarndt/terraform-provider-graphql/internal/utils/state_comparison.go:89.82,93.3 1 0
github.com/kalenarndt/terraform-provider-graphql/internal/utils/state_comparison.go:96.2,96.38 1 0
github.com/kalenarndt/terraform-provider-graphql/internal/utils/state_comparison.go:97.12,98.43 1 0
github.com/kalenarndt/terraform-provider-graphql/internal/utils/state_comparison.go:98.43,100.4 1 0
github.com/kalenarndt/terraform-provider-graphql/internal/utils/state_comparison.go:101.14,102.45 1 0
github.com/kalenarndt/terraform-provider-graphql/internal/utils/state_comparison.go:102.45,104.4 1 0
github.com/kalenarndt/terraform-provider-graphql/internal/utils/state_comparison.go:105.15,106.46 1 0
github.com/kalenarndt/terraform-provider-graphql/internal/utils/state_comparison.go:106.46,108.4 1 0
github.com/kalenarndt/terraform-provider-graphql/internal/utils/state_comparison.go:109.11,110.42 1 0
github.com/kalenarndt/terraform-provider-graphql/internal/utils/state_comparison.go:110.42,112.4 1 0
github.com/kalenarndt/terraform-provider-graphql/internal/utils/state_comparison.go:113.30,114.61 1 0
github.com/kalenarndt/terraform-provider-graphql/internal/utils/state_comparison.go:114.61,116.4 1 0
github.com/kalenarndt/terraform-provider-graphql/internal/utils/state_comparison.go:117.21,118.52 1 0
github.com/kalenarndt/terraform-provider-graphql/internal/utils/state_comparison.go:118.52,120.4 1 0
github.com/kalenarndt/terraform-provider-graphql/internal/utils/state_comparison.go:125.2,131.51 5 0
github.com/kalenarndt/terraform-provider-graphql/internal/utils/state_comparison.go:135.74,136.18 1 0
github.com/kalenarndt/terraform-provider-graphql/internal/utils/state_comparison.go:136.18,138.3 1 0
github.com/kalenarndt/terraform-provider-graphql/internal/utils/state_comparison.go:140.2,140.27 1 0
github.com/kalenarndt/terraform-provider-graphql/internal/utils/state_comparison.go:141.14,143.30 1 0
github.com/kalenarndt/terraform-provider-graphql/internal/utils/state_comparison.go:144.30,147.27 2 0
github.com/kalenarndt/terraform-provider-graphql/internal/utils/state_comparison.go:147.27,149.4 1 0
github.com/kalenarndt/terraform-provider-graphql/internal/utils/state_comparison.go:150.3,150.20 1 0
github.com/kalenarndt/terraform-provider-graphql/internal/utils/state_comparison.go:151.21,154.25 2 0
github.com/kalenarndt/terraform-provider-graphql/internal/utils/state_comparison.go:154.25,156.4 1 0
github.com/kalenarndt/terraform-provider-graphql/internal/utils/state_comparison.go:157.3,157.20 1 0
github.com/kalenarndt/terraform-provider-graphql/internal/utils/state_comparison.go:158.10,159.15 1 0
github.com/kalenarndt/terraform-provider-graphql/internal/utils/state_comparison.go:164.84,168.41 1 0
github.com/kalenarndt/terraform-provider-graphql/internal/utils/state_comparison.go:168.41,170.14 2 0
github.com/kalenarndt/terraform-provider-graphql/internal/utils/state_comparison.go:170.14,172.4 1 0
github.com/kalenarndt/terraform-provider-graphql/internal/utils/state_comparison.go:173.3,173.50 1 0
github.com/kalenarndt/terraform-provider-graphql/internal/utils/state_comparison.go:173.50,175.4 1 0
github.com/kalenarndt/terraform-provider-graphql/internal/utils/state_comparison.go:177.2,177.13 1 0
github.com/kalenarndt/terraform-provider-graphql/internal/utils/state_comparison.go:181.77,182.34 1 0
github.com/kalenarndt/terraform-provider-graphql/internal/utils/state_comparison.go:182.34,184.3 1 0
github.com/kalenarndt/terraform-provider-graphql/internal/utils/state_comparison.go:186.2,186.39 1 0
github.com/kalenarndt/terraform-provider-graphql/internal/utils/state_comparison.go:186.39,187.48 1 0
github.com/kalenarndt/terraform-provider-graphql/internal/utils/state_comparison.go:187.48,189.4 1 0
github.com/kalenarndt/terraform-provider-graphql/internal/utils/state_comparison.go:191.2,191.13 1 0
github.com/kalenarndt/terraform-provider-graphql/internal/utils/state_comparison.go:195.132,199.41 2 0
github.com/kalenarndt/terraform-provider-graphql/internal/utils/state_comparison.go:199.41,200.102 1 0
github.com/kalenarndt/terraform-provider-graphql/internal/utils/state_comparison.go:200.102,202.4 1 0
github.com/kalenarndt/terraform-provider-graphql/internal/utils/state_comparison.go:206.2,206.28 1 0
github.com/kalenarndt/terraform-provider-graphql/internal/utils/state_comparison.go:206.28,207.41 1 0
github.com/kalenarndt/terraform-provider-graphql/internal/utils/state_comparison.go:207.41,209.4 1 0
github.com/kalenarndt/terraform-provider-graphql/internal/utils/state_comparison.go:212.2,216.22 2 0
github.com/kalenarndt/terraform-provider-graphql/internal/utils/state_comparison.go:220.147,221.26 1 0
github.com/kalenarndt/terraform-provider-graphql/internal/utils/state_comparison.go:221.26,223.3 1 0
github.com/kalenarndt/terraform-provider-graphql/internal/utils/state_comparison.go:226.2,226.68 1 0
github.com/kalenarndt/terraform-provider-graphql/internal/utils/state_comparison.go:226.68,228.3 1 0
github.com/kalenarndt/terraform-provider-graphql/internal/utils/state_comparison.go:231.2,231.53 1 0
github.com/kalenarndt/terraform-provider-graphql/internal/utils/state_comparison.go:235.107,236.17 1 0
github.com/kalenarndt/terraform-provider-graphql/internal/utils/state_comparison.go:236.17,238.3 1 0
github.com/kalenarndt/terraform-provider-graphql/internal/utils/state_comparison.go:242.2,242.13 1 0
github.com/kalenarndt/terraform-provider-graphql/internal/utils/state_comparison.go:247.110,253.2 1 0
github.com/kalenarndt/terraform-provider-graphql/internal/utils/state_comparison.go:256.96,263.2 1 0
